{"meta": {"format": 3, "version": "7.10.5", "timestamp": "2025-10-17T11:01:59.831859", "branch_coverage": false, "show_contexts": false}, "files": {"backend\\app\\__init__.py": {"executed_lines": [1, 6, 7], "summary": {"covered_lines": 2, "num_statements": 2, "percent_covered": 100.0, "percent_covered_display": "100", "missing_lines": 0, "excluded_lines": 0}, "missing_lines": [], "excluded_lines": [], "functions": {"": {"executed_lines": [1, 6, 7], "summary": {"covered_lines": 2, "num_statements": 2, "percent_covered": 100.0, "percent_covered_display": "100", "missing_lines": 0, "excluded_lines": 0}, "missing_lines": [], "excluded_lines": []}}, "classes": {"": {"executed_lines": [1, 6, 7], "summary": {"covered_lines": 2, "num_statements": 2, "percent_covered": 100.0, "percent_covered_display": "100", "missing_lines": 0, "excluded_lines": 0}, "missing_lines": [], "excluded_lines": []}}}, "backend\\app\\api\\__init__.py": {"executed_lines": [], "summary": {"covered_lines": 0, "num_statements": 0, "percent_covered": 100.0, "percent_covered_display": "100", "missing_lines": 0, "excluded_lines": 0}, "missing_lines": [], "excluded_lines": [], "functions": {"": {"executed_lines": [], "summary": {"covered_lines": 0, "num_statements": 0, "percent_covered": 100.0, "percent_covered_display": "100", "missing_lines": 0, "excluded_lines": 0}, "missing_lines": [], "excluded_lines": []}}, "classes": {"": {"executed_lines": [], "summary": {"covered_lines": 0, "num_statements": 0, "percent_covered": 100.0, "percent_covered_display": "100", "missing_lines": 0, "excluded_lines": 0}, "missing_lines": [], "excluded_lines": []}}}, "backend\\app\\api\\analysis.py": {"executed_lines": [], "summary": {"covered_lines": 0, "num_statements": 114, "percent_covered": 0.0, "percent_covered_display": "0", "missing_lines": 114, "excluded_lines": 0}, "missing_lines": [5, 6, 7, 8, 9, 11, 12, 13, 14, 15, 16, 18, 21, 23, 24, 28, 31, 33, 34, 35, 36, 37, 38, 39, 40, 43, 45, 46, 53, 54, 55, 56, 59, 60, 68, 69, 70, 73, 74, 75, 83, 84, 85, 95, 96, 97, 100, 101, 102, 110, 111, 112, 119, 121, 132, 133, 136, 137, 145, 147, 151, 152, 155, 162, 168, 169, 172, 173, 180, 182, 183, 185, 200, 201, 209, 210, 213, 214, 216, 222, 223, 225, 244, 245, 249, 252, 260, 264, 265, 266, 267, 268, 269, 271, 282, 290, 291, 293, 295, 297, 298, 299, 301, 302, 303, 305, 306, 307, 310, 318, 320, 321, 322, 324], "excluded_lines": [], "functions": {"analyze_text": {"executed_lines": [], "summary": {"covered_lines": 0, "num_statements": 22, "percent_covered": 0.0, "percent_covered_display": "0", "missing_lines": 22, "excluded_lines": 0}, "missing_lines": [68, 69, 70, 73, 74, 75, 83, 84, 85, 95, 96, 97, 100, 101, 102, 110, 111, 112, 119, 121, 132, 133], "excluded_lines": []}, "batch_analyze": {"executed_lines": [], "summary": {"covered_lines": 0, "num_statements": 8, "percent_covered": 0.0, "percent_covered_display": "0", "missing_lines": 8, "excluded_lines": 0}, "missing_lines": [145, 147, 151, 152, 155, 162, 168, 169], "excluded_lines": []}, "get_analysis_result": {"executed_lines": [], "summary": {"covered_lines": 0, "num_statements": 4, "percent_covered": 0.0, "percent_covered_display": "0", "missing_lines": 4, "excluded_lines": 0}, "missing_lines": [180, 182, 183, 185], "excluded_lines": []}, "list_analysis_results": {"executed_lines": [], "summary": {"covered_lines": 0, "num_statements": 8, "percent_covered": 0.0, "percent_covered_display": "0", "missing_lines": 8, "excluded_lines": 0}, "missing_lines": [209, 210, 213, 214, 216, 222, 223, 225], "excluded_lines": []}, "get_analysis_statistics": {"executed_lines": [], "summary": {"covered_lines": 0, "num_statements": 10, "percent_covered": 0.0, "percent_covered_display": "0", "missing_lines": 10, "excluded_lines": 0}, "missing_lines": [249, 252, 260, 264, 265, 266, 267, 268, 269, 271], "excluded_lines": []}, "process_batch_analysis": {"executed_lines": [], "summary": {"covered_lines": 0, "num_statements": 19, "percent_covered": 0.0, "percent_covered_display": "0", "missing_lines": 19, "excluded_lines": 0}, "missing_lines": [290, 291, 293, 295, 297, 298, 299, 301, 302, 303, 305, 306, 307, 310, 318, 320, 321, 322, 324], "excluded_lines": []}, "": {"executed_lines": [], "summary": {"covered_lines": 0, "num_statements": 43, "percent_covered": 0.0, "percent_covered_display": "0", "missing_lines": 43, "excluded_lines": 0}, "missing_lines": [5, 6, 7, 8, 9, 11, 12, 13, 14, 15, 16, 18, 21, 23, 24, 28, 31, 33, 34, 35, 36, 37, 38, 39, 40, 43, 45, 46, 53, 54, 55, 56, 59, 60, 136, 137, 172, 173, 200, 201, 244, 245, 282], "excluded_lines": []}}, "classes": {"AnalysisRequest": {"executed_lines": [], "summary": {"covered_lines": 0, "num_statements": 0, "percent_covered": 100.0, "percent_covered_display": "100", "missing_lines": 0, "excluded_lines": 0}, "missing_lines": [], "excluded_lines": []}, "AnalysisResponse": {"executed_lines": [], "summary": {"covered_lines": 0, "num_statements": 0, "percent_covered": 100.0, "percent_covered_display": "100", "missing_lines": 0, "excluded_lines": 0}, "missing_lines": [], "excluded_lines": []}, "BatchAnalysisRequest": {"executed_lines": [], "summary": {"covered_lines": 0, "num_statements": 0, "percent_covered": 100.0, "percent_covered_display": "100", "missing_lines": 0, "excluded_lines": 0}, "missing_lines": [], "excluded_lines": []}, "": {"executed_lines": [], "summary": {"covered_lines": 0, "num_statements": 114, "percent_covered": 0.0, "percent_covered_display": "0", "missing_lines": 114, "excluded_lines": 0}, "missing_lines": [5, 6, 7, 8, 9, 11, 12, 13, 14, 15, 16, 18, 21, 23, 24, 28, 31, 33, 34, 35, 36, 37, 38, 39, 40, 43, 45, 46, 53, 54, 55, 56, 59, 60, 68, 69, 70, 73, 74, 75, 83, 84, 85, 95, 96, 97, 100, 101, 102, 110, 111, 112, 119, 121, 132, 133, 136, 137, 145, 147, 151, 152, 155, 162, 168, 169, 172, 173, 180, 182, 183, 185, 200, 201, 209, 210, 213, 214, 216, 222, 223, 225, 244, 245, 249, 252, 260, 264, 265, 266, 267, 268, 269, 271, 282, 290, 291, 293, 295, 297, 298, 299, 301, 302, 303, 305, 306, 307, 310, 318, 320, 321, 322, 324], "excluded_lines": []}}}, "backend\\app\\api\\analysis_batch.py": {"executed_lines": [], "summary": {"covered_lines": 0, "num_statements": 115, "percent_covered": 0.0, "percent_covered_display": "0", "missing_lines": 115, "excluded_lines": 0}, "missing_lines": [6, 7, 8, 9, 10, 11, 13, 14, 15, 16, 17, 18, 19, 21, 25, 33, 36, 37, 38, 39, 42, 44, 45, 46, 49, 51, 52, 53, 54, 57, 59, 60, 61, 62, 63, 64, 65, 68, 70, 71, 72, 73, 74, 75, 79, 81, 83, 88, 96, 98, 100, 104, 112, 114, 115, 119, 126, 128, 129, 133, 140, 142, 145, 146, 148, 155, 158, 159, 161, 164, 165, 174, 176, 182, 185, 192, 193, 194, 196, 198, 205, 206, 209, 210, 212, 214, 215, 217, 218, 219, 221, 232, 233, 239, 241, 242, 244, 245, 253, 254, 259, 265, 266, 268, 270, 280, 281, 283, 284, 285, 287, 292, 293, 295, 297], "excluded_lines": [], "functions": {"process_sentiment_batch": {"executed_lines": [], "summary": {"covered_lines": 0, "num_statements": 3, "percent_covered": 0.0, "percent_covered_display": "0", "missing_lines": 3, "excluded_lines": 0}, "missing_lines": [81, 83, 88], "excluded_lines": []}, "process_ner_batch": {"executed_lines": [], "summary": {"covered_lines": 0, "num_statements": 3, "percent_covered": 0.0, "percent_covered_display": "0", "missing_lines": 3, "excluded_lines": 0}, "missing_lines": [98, 100, 104], "excluded_lines": []}, "process_topic_batch": {"executed_lines": [], "summary": {"covered_lines": 0, "num_statements": 3, "percent_covered": 0.0, "percent_covered_display": "0", "missing_lines": 3, "excluded_lines": 0}, "missing_lines": [114, 115, 119], "excluded_lines": []}, "process_difficulty_batch": {"executed_lines": [], "summary": {"covered_lines": 0, "num_statements": 3, "percent_covered": 0.0, "percent_covered_display": "0", "missing_lines": 3, "excluded_lines": 0}, "missing_lines": [128, 129, 133], "excluded_lines": []}, "process_full_batch": {"executed_lines": [], "summary": {"covered_lines": 0, "num_statements": 1, "percent_covered": 0.0, "percent_covered_display": "0", "missing_lines": 1, "excluded_lines": 0}, "missing_lines": [142], "excluded_lines": []}, "startup_event": {"executed_lines": [], "summary": {"covered_lines": 0, "num_statements": 2, "percent_covered": 0.0, "percent_covered_display": "0", "missing_lines": 2, "excluded_lines": 0}, "missing_lines": [148, 155], "excluded_lines": []}, "shutdown_event": {"executed_lines": [], "summary": {"covered_lines": 0, "num_statements": 1, "percent_covered": 0.0, "percent_covered_display": "0", "missing_lines": 1, "excluded_lines": 0}, "missing_lines": [161], "excluded_lines": []}, "submit_batch_job": {"executed_lines": [], "summary": {"covered_lines": 0, "num_statements": 11, "percent_covered": 0.0, "percent_covered_display": "0", "missing_lines": 11, "excluded_lines": 0}, "missing_lines": [174, 176, 182, 185, 192, 193, 194, 196, 198, 205, 206], "excluded_lines": []}, "get_job_status": {"executed_lines": [], "summary": {"covered_lines": 0, "num_statements": 7, "percent_covered": 0.0, "percent_covered_display": "0", "missing_lines": 7, "excluded_lines": 0}, "missing_lines": [212, 214, 215, 217, 218, 219, 221], "excluded_lines": []}, "get_job_result": {"executed_lines": [], "summary": {"covered_lines": 0, "num_statements": 8, "percent_covered": 0.0, "percent_covered_display": "0", "missing_lines": 8, "excluded_lines": 0}, "missing_lines": [239, 241, 242, 244, 245, 253, 254, 259], "excluded_lines": []}, "get_batch_statistics": {"executed_lines": [], "summary": {"covered_lines": 0, "num_statements": 2, "percent_covered": 0.0, "percent_covered_display": "0", "missing_lines": 2, "excluded_lines": 0}, "missing_lines": [268, 270], "excluded_lines": []}, "clear_batch_cache": {"executed_lines": [], "summary": {"covered_lines": 0, "num_statements": 4, "percent_covered": 0.0, "percent_covered_display": "0", "missing_lines": 4, "excluded_lines": 0}, "missing_lines": [283, 284, 285, 287], "excluded_lines": []}, "batch_health_check": {"executed_lines": [], "summary": {"covered_lines": 0, "num_statements": 2, "percent_covered": 0.0, "percent_covered_display": "0", "missing_lines": 2, "excluded_lines": 0}, "missing_lines": [295, 297], "excluded_lines": []}, "": {"executed_lines": [], "summary": {"covered_lines": 0, "num_statements": 65, "percent_covered": 0.0, "percent_covered_display": "0", "missing_lines": 65, "excluded_lines": 0}, "missing_lines": [6, 7, 8, 9, 10, 11, 13, 14, 15, 16, 17, 18, 19, 21, 25, 33, 36, 37, 38, 39, 42, 44, 45, 46, 49, 51, 52, 53, 54, 57, 59, 60, 61, 62, 63, 64, 65, 68, 70, 71, 72, 73, 74, 75, 79, 96, 112, 126, 140, 145, 146, 158, 159, 164, 165, 209, 210, 232, 233, 265, 266, 280, 281, 292, 293], "excluded_lines": []}}, "classes": {"BatchJobRequest": {"executed_lines": [], "summary": {"covered_lines": 0, "num_statements": 0, "percent_covered": 100.0, "percent_covered_display": "100", "missing_lines": 0, "excluded_lines": 0}, "missing_lines": [], "excluded_lines": []}, "BatchJobResponse": {"executed_lines": [], "summary": {"covered_lines": 0, "num_statements": 0, "percent_covered": 100.0, "percent_covered_display": "100", "missing_lines": 0, "excluded_lines": 0}, "missing_lines": [], "excluded_lines": []}, "JobStatusResponse": {"executed_lines": [], "summary": {"covered_lines": 0, "num_statements": 0, "percent_covered": 100.0, "percent_covered_display": "100", "missing_lines": 0, "excluded_lines": 0}, "missing_lines": [], "excluded_lines": []}, "BatchStatisticsResponse": {"executed_lines": [], "summary": {"covered_lines": 0, "num_statements": 0, "percent_covered": 100.0, "percent_covered_display": "100", "missing_lines": 0, "excluded_lines": 0}, "missing_lines": [], "excluded_lines": []}, "": {"executed_lines": [], "summary": {"covered_lines": 0, "num_statements": 115, "percent_covered": 0.0, "percent_covered_display": "0", "missing_lines": 115, "excluded_lines": 0}, "missing_lines": [6, 7, 8, 9, 10, 11, 13, 14, 15, 16, 17, 18, 19, 21, 25, 33, 36, 37, 38, 39, 42, 44, 45, 46, 49, 51, 52, 53, 54, 57, 59, 60, 61, 62, 63, 64, 65, 68, 70, 71, 72, 73, 74, 75, 79, 81, 83, 88, 96, 98, 100, 104, 112, 114, 115, 119, 126, 128, 129, 133, 140, 142, 145, 146, 148, 155, 158, 159, 161, 164, 165, 174, 176, 182, 185, 192, 193, 194, 196, 198, 205, 206, 209, 210, 212, 214, 215, 217, 218, 219, 221, 232, 233, 239, 241, 242, 244, 245, 253, 254, 259, 265, 266, 268, 270, 280, 281, 283, 284, 285, 287, 292, 293, 295, 297], "excluded_lines": []}}}, "backend\\app\\api\\auth.py": {"executed_lines": [], "summary": {"covered_lines": 0, "num_statements": 170, "percent_covered": 0.0, "percent_covered_display": "0", "missing_lines": 170, "excluded_lines": 0}, "missing_lines": [13, 14, 16, 17, 18, 19, 21, 30, 31, 32, 34, 41, 43, 44, 45, 46, 48, 49, 59, 61, 62, 63, 64, 65, 66, 68, 69, 72, 74, 75, 76, 77, 78, 80, 81, 99, 101, 103, 104, 111, 113, 116, 118, 119, 126, 127, 142, 143, 144, 150, 151, 152, 153, 159, 160, 169, 170, 171, 173, 176, 177, 193, 195, 196, 202, 203, 209, 210, 212, 217, 223, 224, 225, 226, 228, 236, 237, 252, 254, 255, 262, 263, 265, 266, 272, 273, 275, 277, 278, 284, 285, 291, 292, 298, 299, 305, 306, 308, 313, 319, 320, 321, 322, 324, 332, 333, 344, 345, 346, 348, 351, 352, 360, 363, 364, 376, 377, 379, 381, 386, 387, 392, 394, 395, 396, 398, 401, 402, 414, 417, 418, 421, 427, 429, 430, 436, 437, 440, 442, 444, 445, 448, 449, 460, 462, 463, 469, 470, 472, 473, 475, 477, 478, 484, 485, 488, 489, 491, 493, 496, 497, 507, 508, 509, 510, 511, 513, 516, 517, 525], "excluded_lines": [], "functions": {"register": {"executed_lines": [], "summary": {"covered_lines": 0, "num_statements": 13, "percent_covered": 0.0, "percent_covered_display": "0", "missing_lines": 13, "excluded_lines": 0}, "missing_lines": [142, 143, 144, 150, 151, 152, 153, 159, 160, 169, 170, 171, 173], "excluded_lines": []}, "login": {"executed_lines": [], "summary": {"covered_lines": 0, "num_statements": 14, "percent_covered": 0.0, "percent_covered_display": "0", "missing_lines": 14, "excluded_lines": 0}, "missing_lines": [193, 195, 196, 202, 203, 209, 210, 212, 217, 223, 224, 225, 226, 228], "excluded_lines": []}, "refresh_access_token": {"executed_lines": [], "summary": {"covered_lines": 0, "num_statements": 27, "percent_covered": 0.0, "percent_covered_display": "0", "missing_lines": 27, "excluded_lines": 0}, "missing_lines": [252, 254, 255, 262, 263, 265, 266, 272, 273, 275, 277, 278, 284, 285, 291, 292, 298, 299, 305, 306, 308, 313, 319, 320, 321, 322, 324], "excluded_lines": []}, "logout": {"executed_lines": [], "summary": {"covered_lines": 0, "num_statements": 4, "percent_covered": 0.0, "percent_covered_display": "0", "missing_lines": 4, "excluded_lines": 0}, "missing_lines": [344, 345, 346, 348], "excluded_lines": []}, "get_current_user_info": {"executed_lines": [], "summary": {"covered_lines": 0, "num_statements": 1, "percent_covered": 0.0, "percent_covered_display": "0", "missing_lines": 1, "excluded_lines": 0}, "missing_lines": [360], "excluded_lines": []}, "update_current_user": {"executed_lines": [], "summary": {"covered_lines": 0, "num_statements": 11, "percent_covered": 0.0, "percent_covered_display": "0", "missing_lines": 11, "excluded_lines": 0}, "missing_lines": [376, 377, 379, 381, 386, 387, 392, 394, 395, 396, 398], "excluded_lines": []}, "request_password_reset": {"executed_lines": [], "summary": {"covered_lines": 0, "num_statements": 13, "percent_covered": 0.0, "percent_covered_display": "0", "missing_lines": 13, "excluded_lines": 0}, "missing_lines": [414, 417, 418, 421, 427, 429, 430, 436, 437, 440, 442, 444, 445], "excluded_lines": []}, "update_password": {"executed_lines": [], "summary": {"covered_lines": 0, "num_statements": 16, "percent_covered": 0.0, "percent_covered_display": "0", "missing_lines": 16, "excluded_lines": 0}, "missing_lines": [460, 462, 463, 469, 470, 472, 473, 475, 477, 478, 484, 485, 488, 489, 491, 493], "excluded_lines": []}, "deactivate_account": {"executed_lines": [], "summary": {"covered_lines": 0, "num_statements": 6, "percent_covered": 0.0, "percent_covered_display": "0", "missing_lines": 6, "excluded_lines": 0}, "missing_lines": [507, 508, 509, 510, 511, 513], "excluded_lines": []}, "verify_auth_token": {"executed_lines": [], "summary": {"covered_lines": 0, "num_statements": 1, "percent_covered": 0.0, "percent_covered_display": "0", "missing_lines": 1, "excluded_lines": 0}, "missing_lines": [525], "excluded_lines": []}, "": {"executed_lines": [], "summary": {"covered_lines": 0, "num_statements": 64, "percent_covered": 0.0, "percent_covered_display": "0", "missing_lines": 64, "excluded_lines": 0}, "missing_lines": [13, 14, 16, 17, 18, 19, 21, 30, 31, 32, 34, 41, 43, 44, 45, 46, 48, 49, 59, 61, 62, 63, 64, 65, 66, 68, 69, 72, 74, 75, 76, 77, 78, 80, 81, 99, 101, 103, 104, 111, 113, 116, 118, 119, 126, 127, 176, 177, 236, 237, 332, 333, 351, 352, 363, 364, 401, 402, 448, 449, 496, 497, 516, 517], "excluded_lines": []}}, "classes": {"UserRegistration": {"executed_lines": [], "summary": {"covered_lines": 0, "num_statements": 0, "percent_covered": 100.0, "percent_covered_display": "100", "missing_lines": 0, "excluded_lines": 0}, "missing_lines": [], "excluded_lines": []}, "UserRegistration.Config": {"executed_lines": [], "summary": {"covered_lines": 0, "num_statements": 0, "percent_covered": 100.0, "percent_covered_display": "100", "missing_lines": 0, "excluded_lines": 0}, "missing_lines": [], "excluded_lines": []}, "UserResponse": {"executed_lines": [], "summary": {"covered_lines": 0, "num_statements": 0, "percent_covered": 100.0, "percent_covered_display": "100", "missing_lines": 0, "excluded_lines": 0}, "missing_lines": [], "excluded_lines": []}, "UserResponse.Config": {"executed_lines": [], "summary": {"covered_lines": 0, "num_statements": 0, "percent_covered": 100.0, "percent_covered_display": "100", "missing_lines": 0, "excluded_lines": 0}, "missing_lines": [], "excluded_lines": []}, "TokenResponse": {"executed_lines": [], "summary": {"covered_lines": 0, "num_statements": 0, "percent_covered": 100.0, "percent_covered_display": "100", "missing_lines": 0, "excluded_lines": 0}, "missing_lines": [], "excluded_lines": []}, "TokenResponse.Config": {"executed_lines": [], "summary": {"covered_lines": 0, "num_statements": 0, "percent_covered": 100.0, "percent_covered_display": "100", "missing_lines": 0, "excluded_lines": 0}, "missing_lines": [], "excluded_lines": []}, "RefreshTokenRequest": {"executed_lines": [], "summary": {"covered_lines": 0, "num_statements": 0, "percent_covered": 100.0, "percent_covered_display": "100", "missing_lines": 0, "excluded_lines": 0}, "missing_lines": [], "excluded_lines": []}, "RefreshTokenRequest.Config": {"executed_lines": [], "summary": {"covered_lines": 0, "num_statements": 0, "percent_covered": 100.0, "percent_covered_display": "100", "missing_lines": 0, "excluded_lines": 0}, "missing_lines": [], "excluded_lines": []}, "PasswordResetRequest": {"executed_lines": [], "summary": {"covered_lines": 0, "num_statements": 0, "percent_covered": 100.0, "percent_covered_display": "100", "missing_lines": 0, "excluded_lines": 0}, "missing_lines": [], "excluded_lines": []}, "PasswordUpdateRequest": {"executed_lines": [], "summary": {"covered_lines": 0, "num_statements": 0, "percent_covered": 100.0, "percent_covered_display": "100", "missing_lines": 0, "excluded_lines": 0}, "missing_lines": [], "excluded_lines": []}, "": {"executed_lines": [], "summary": {"covered_lines": 0, "num_statements": 170, "percent_covered": 0.0, "percent_covered_display": "0", "missing_lines": 170, "excluded_lines": 0}, "missing_lines": [13, 14, 16, 17, 18, 19, 21, 30, 31, 32, 34, 41, 43, 44, 45, 46, 48, 49, 59, 61, 62, 63, 64, 65, 66, 68, 69, 72, 74, 75, 76, 77, 78, 80, 81, 99, 101, 103, 104, 111, 113, 116, 118, 119, 126, 127, 142, 143, 144, 150, 151, 152, 153, 159, 160, 169, 170, 171, 173, 176, 177, 193, 195, 196, 202, 203, 209, 210, 212, 217, 223, 224, 225, 226, 228, 236, 237, 252, 254, 255, 262, 263, 265, 266, 272, 273, 275, 277, 278, 284, 285, 291, 292, 298, 299, 305, 306, 308, 313, 319, 320, 321, 322, 324, 332, 333, 344, 345, 346, 348, 351, 352, 360, 363, 364, 376, 377, 379, 381, 386, 387, 392, 394, 395, 396, 398, 401, 402, 414, 417, 418, 421, 427, 429, 430, 436, 437, 440, 442, 444, 445, 448, 449, 460, 462, 463, 469, 470, 472, 473, 475, 477, 478, 484, 485, 488, 489, 491, 493, 496, 497, 507, 508, 509, 510, 511, 513, 516, 517, 525], "excluded_lines": []}}}, "backend\\app\\api\\cache_admin.py": {"executed_lines": [], "summary": {"covered_lines": 0, "num_statements": 100, "percent_covered": 0.0, "percent_covered_display": "0", "missing_lines": 100, "excluded_lines": 0}, "missing_lines": [11, 12, 13, 15, 16, 17, 18, 21, 24, 26, 27, 28, 31, 33, 34, 35, 38, 39, 50, 53, 54, 64, 67, 68, 69, 75, 87, 88, 94, 96, 98, 99, 100, 101, 102, 103, 104, 105, 106, 107, 108, 109, 111, 112, 114, 122, 128, 129, 138, 140, 141, 148, 150, 151, 159, 160, 168, 169, 179, 180, 188, 189, 198, 199, 207, 208, 215, 216, 224, 225, 231, 237, 245, 246, 256, 257, 258, 260, 267, 268, 277, 279, 280, 285, 293, 294, 301, 303, 310, 311, 317, 318, 326, 327, 328, 331, 332, 335, 340, 344], "excluded_lines": [], "functions": {"get_cache_health": {"executed_lines": [], "summary": {"covered_lines": 0, "num_statements": 1, "percent_covered": 0.0, "percent_covered_display": "0", "missing_lines": 1, "excluded_lines": 0}, "missing_lines": [50], "excluded_lines": []}, "get_cache_stats": {"executed_lines": [], "summary": {"covered_lines": 0, "num_statements": 5, "percent_covered": 0.0, "percent_covered_display": "0", "missing_lines": 5, "excluded_lines": 0}, "missing_lines": [64, 67, 68, 69, 75], "excluded_lines": []}, "list_cache_layers": {"executed_lines": [], "summary": {"covered_lines": 0, "num_statements": 18, "percent_covered": 0.0, "percent_covered_display": "0", "missing_lines": 18, "excluded_lines": 0}, "missing_lines": [94, 96, 98, 99, 100, 101, 102, 103, 104, 105, 106, 107, 108, 109, 111, 112, 114, 122], "excluded_lines": []}, "invalidate_cache": {"executed_lines": [], "summary": {"covered_lines": 0, "num_statements": 8, "percent_covered": 0.0, "percent_covered_display": "0", "missing_lines": 8, "excluded_lines": 0}, "missing_lines": [138, 140, 141, 148, 150, 151, 159, 160], "excluded_lines": []}, "invalidate_article_cache": {"executed_lines": [], "summary": {"covered_lines": 0, "num_statements": 2, "percent_covered": 0.0, "percent_covered_display": "0", "missing_lines": 2, "excluded_lines": 0}, "missing_lines": [179, 180], "excluded_lines": []}, "invalidate_source_cache": {"executed_lines": [], "summary": {"covered_lines": 0, "num_statements": 2, "percent_covered": 0.0, "percent_covered_display": "0", "missing_lines": 2, "excluded_lines": 0}, "missing_lines": [198, 199], "excluded_lines": []}, "invalidate_all_cache": {"executed_lines": [], "summary": {"covered_lines": 0, "num_statements": 2, "percent_covered": 0.0, "percent_covered_display": "0", "missing_lines": 2, "excluded_lines": 0}, "missing_lines": [215, 216], "excluded_lines": []}, "warm_cache": {"executed_lines": [], "summary": {"covered_lines": 0, "num_statements": 2, "percent_covered": 0.0, "percent_covered_display": "0", "missing_lines": 2, "excluded_lines": 0}, "missing_lines": [231, 237], "excluded_lines": []}, "get_cache_metrics": {"executed_lines": [], "summary": {"covered_lines": 0, "num_statements": 4, "percent_covered": 0.0, "percent_covered_display": "0", "missing_lines": 4, "excluded_lines": 0}, "missing_lines": [256, 257, 258, 260], "excluded_lines": []}, "get_cached_value": {"executed_lines": [], "summary": {"covered_lines": 0, "num_statements": 4, "percent_covered": 0.0, "percent_covered_display": "0", "missing_lines": 4, "excluded_lines": 0}, "missing_lines": [277, 279, 280, 285], "excluded_lines": []}, "check_cache_exists": {"executed_lines": [], "summary": {"covered_lines": 0, "num_statements": 2, "percent_covered": 0.0, "percent_covered_display": "0", "missing_lines": 2, "excluded_lines": 0}, "missing_lines": [301, 303], "excluded_lines": []}, "get_performance_comparison": {"executed_lines": [], "summary": {"covered_lines": 0, "num_statements": 10, "percent_covered": 0.0, "percent_covered_display": "0", "missing_lines": 10, "excluded_lines": 0}, "missing_lines": [317, 318, 326, 327, 328, 331, 332, 335, 340, 344], "excluded_lines": []}, "": {"executed_lines": [], "summary": {"covered_lines": 0, "num_statements": 40, "percent_covered": 0.0, "percent_covered_display": "0", "missing_lines": 40, "excluded_lines": 0}, "missing_lines": [11, 12, 13, 15, 16, 17, 18, 21, 24, 26, 27, 28, 31, 33, 34, 35, 38, 39, 53, 54, 87, 88, 128, 129, 168, 169, 188, 189, 207, 208, 224, 225, 245, 246, 267, 268, 293, 294, 310, 311], "excluded_lines": []}}, "classes": {"CacheInvalidateRequest": {"executed_lines": [], "summary": {"covered_lines": 0, "num_statements": 0, "percent_covered": 100.0, "percent_covered_display": "100", "missing_lines": 0, "excluded_lines": 0}, "missing_lines": [], "excluded_lines": []}, "CacheWarmRequest": {"executed_lines": [], "summary": {"covered_lines": 0, "num_statements": 0, "percent_covered": 100.0, "percent_covered_display": "100", "missing_lines": 0, "excluded_lines": 0}, "missing_lines": [], "excluded_lines": []}, "": {"executed_lines": [], "summary": {"covered_lines": 0, "num_statements": 100, "percent_covered": 0.0, "percent_covered_display": "0", "missing_lines": 100, "excluded_lines": 0}, "missing_lines": [11, 12, 13, 15, 16, 17, 18, 21, 24, 26, 27, 28, 31, 33, 34, 35, 38, 39, 50, 53, 54, 64, 67, 68, 69, 75, 87, 88, 94, 96, 98, 99, 100, 101, 102, 103, 104, 105, 106, 107, 108, 109, 111, 112, 114, 122, 128, 129, 138, 140, 141, 148, 150, 151, 159, 160, 168, 169, 179, 180, 188, 189, 198, 199, 207, 208, 215, 216, 224, 225, 231, 237, 245, 246, 256, 257, 258, 260, 267, 268, 277, 279, 280, 285, 293, 294, 301, 303, 310, 311, 317, 318, 326, 327, 328, 331, 332, 335, 340, 344], "excluded_lines": []}}}, "backend\\app\\api\\export.py": {"executed_lines": [], "summary": {"covered_lines": 0, "num_statements": 129, "percent_covered": 0.0, "percent_covered_display": "0", "missing_lines": 129, "excluded_lines": 0}, "missing_lines": [3, 4, 5, 6, 7, 9, 14, 15, 16, 19, 22, 24, 25, 26, 27, 30, 32, 33, 34, 35, 38, 40, 41, 42, 43, 44, 45, 46, 47, 48, 49, 52, 53, 67, 70, 73, 74, 75, 81, 82, 85, 93, 98, 105, 106, 107, 108, 111, 112, 126, 128, 131, 132, 133, 139, 140, 143, 150, 155, 162, 163, 164, 165, 168, 169, 183, 185, 188, 189, 190, 196, 197, 200, 207, 212, 219, 220, 221, 222, 225, 226, 240, 242, 243, 246, 247, 248, 254, 255, 258, 266, 271, 278, 279, 280, 281, 284, 285, 293, 295, 296, 298, 301, 302, 311, 313, 314, 316, 317, 323, 325, 326, 329, 337, 338, 341, 349, 351, 353, 369, 372, 374, 388, 391, 393, 395, 410, 413, 415], "excluded_lines": [], "functions": {"export_articles": {"executed_lines": [], "summary": {"covered_lines": 0, "num_statements": 14, "percent_covered": 0.0, "percent_covered_display": "0", "missing_lines": 14, "excluded_lines": 0}, "missing_lines": [67, 70, 73, 74, 75, 81, 82, 85, 93, 98, 105, 106, 107, 108], "excluded_lines": []}, "export_vocabulary": {"executed_lines": [], "summary": {"covered_lines": 0, "num_statements": 14, "percent_covered": 0.0, "percent_covered_display": "0", "missing_lines": 14, "excluded_lines": 0}, "missing_lines": [126, 128, 131, 132, 133, 139, 140, 143, 150, 155, 162, 163, 164, 165], "excluded_lines": []}, "export_analysis": {"executed_lines": [], "summary": {"covered_lines": 0, "num_statements": 14, "percent_covered": 0.0, "percent_covered_display": "0", "missing_lines": 14, "excluded_lines": 0}, "missing_lines": [183, 185, 188, 189, 190, 196, 197, 200, 207, 212, 219, 220, 221, 222], "excluded_lines": []}, "export_custom": {"executed_lines": [], "summary": {"covered_lines": 0, "num_statements": 15, "percent_covered": 0.0, "percent_covered_display": "0", "missing_lines": 15, "excluded_lines": 0}, "missing_lines": [240, 242, 243, 246, 247, 248, 254, 255, 258, 266, 271, 278, 279, 280, 281], "excluded_lines": []}, "get_export_status": {"executed_lines": [], "summary": {"covered_lines": 0, "num_statements": 4, "percent_covered": 0.0, "percent_covered_display": "0", "missing_lines": 4, "excluded_lines": 0}, "missing_lines": [293, 295, 296, 298], "excluded_lines": []}, "download_export": {"executed_lines": [], "summary": {"covered_lines": 0, "num_statements": 12, "percent_covered": 0.0, "percent_covered_display": "0", "missing_lines": 12, "excluded_lines": 0}, "missing_lines": [311, 313, 314, 316, 317, 323, 325, 326, 329, 337, 338, 341], "excluded_lines": []}, "_get_mock_articles": {"executed_lines": [], "summary": {"covered_lines": 0, "num_statements": 3, "percent_covered": 0.0, "percent_covered_display": "0", "missing_lines": 3, "excluded_lines": 0}, "missing_lines": [351, 353, 369], "excluded_lines": []}, "_get_mock_vocabulary": {"executed_lines": [], "summary": {"covered_lines": 0, "num_statements": 2, "percent_covered": 0.0, "percent_covered_display": "0", "missing_lines": 2, "excluded_lines": 0}, "missing_lines": [374, 388], "excluded_lines": []}, "_get_mock_analysis": {"executed_lines": [], "summary": {"covered_lines": 0, "num_statements": 3, "percent_covered": 0.0, "percent_covered_display": "0", "missing_lines": 3, "excluded_lines": 0}, "missing_lines": [393, 395, 410], "excluded_lines": []}, "_filter_fields": {"executed_lines": [], "summary": {"covered_lines": 0, "num_statements": 1, "percent_covered": 0.0, "percent_covered_display": "0", "missing_lines": 1, "excluded_lines": 0}, "missing_lines": [415], "excluded_lines": []}, "": {"executed_lines": [], "summary": {"covered_lines": 0, "num_statements": 47, "percent_covered": 0.0, "percent_covered_display": "0", "missing_lines": 47, "excluded_lines": 0}, "missing_lines": [3, 4, 5, 6, 7, 9, 14, 15, 16, 19, 22, 24, 25, 26, 27, 30, 32, 33, 34, 35, 38, 40, 41, 42, 43, 44, 45, 46, 47, 48, 49, 52, 53, 111, 112, 168, 169, 225, 226, 284, 285, 301, 302, 349, 372, 391, 413], "excluded_lines": []}}, "classes": {"ExportRequest": {"executed_lines": [], "summary": {"covered_lines": 0, "num_statements": 0, "percent_covered": 100.0, "percent_covered_display": "100", "missing_lines": 0, "excluded_lines": 0}, "missing_lines": [], "excluded_lines": []}, "ExportResponse": {"executed_lines": [], "summary": {"covered_lines": 0, "num_statements": 0, "percent_covered": 100.0, "percent_covered_display": "100", "missing_lines": 0, "excluded_lines": 0}, "missing_lines": [], "excluded_lines": []}, "ExportStatusResponse": {"executed_lines": [], "summary": {"covered_lines": 0, "num_statements": 0, "percent_covered": 100.0, "percent_covered_display": "100", "missing_lines": 0, "excluded_lines": 0}, "missing_lines": [], "excluded_lines": []}, "": {"executed_lines": [], "summary": {"covered_lines": 0, "num_statements": 129, "percent_covered": 0.0, "percent_covered_display": "0", "missing_lines": 129, "excluded_lines": 0}, "missing_lines": [3, 4, 5, 6, 7, 9, 14, 15, 16, 19, 22, 24, 25, 26, 27, 30, 32, 33, 34, 35, 38, 40, 41, 42, 43, 44, 45, 46, 47, 48, 49, 52, 53, 67, 70, 73, 74, 75, 81, 82, 85, 93, 98, 105, 106, 107, 108, 111, 112, 126, 128, 131, 132, 133, 139, 140, 143, 150, 155, 162, 163, 164, 165, 168, 169, 183, 185, 188, 189, 190, 196, 197, 200, 207, 212, 219, 220, 221, 222, 225, 226, 240, 242, 243, 246, 247, 248, 254, 255, 258, 266, 271, 278, 279, 280, 281, 284, 285, 293, 295, 296, 298, 301, 302, 311, 313, 314, 316, 317, 323, 325, 326, 329, 337, 338, 341, 349, 351, 353, 369, 372, 374, 388, 391, 393, 395, 410, 413, 415], "excluded_lines": []}}}, "backend\\app\\api\\language.py": {"executed_lines": [], "summary": {"covered_lines": 0, "num_statements": 180, "percent_covered": 0.0, "percent_covered_display": "0", "missing_lines": 180, "excluded_lines": 0}, "missing_lines": [5, 6, 7, 8, 9, 10, 12, 13, 14, 15, 17, 20, 22, 23, 24, 25, 26, 27, 30, 32, 33, 34, 35, 36, 37, 38, 39, 40, 43, 45, 46, 47, 48, 51, 53, 54, 55, 56, 59, 61, 62, 63, 64, 65, 66, 67, 73, 74, 81, 83, 87, 88, 91, 98, 99, 100, 103, 104, 112, 113, 115, 127, 128, 129, 130, 133, 134, 145, 146, 147, 150, 152, 157, 158, 159, 162, 165, 167, 168, 170, 175, 188, 190, 199, 200, 207, 209, 211, 212, 215, 221, 225, 238, 239, 247, 248, 251, 257, 259, 260, 263, 272, 273, 274, 277, 278, 279, 280, 285, 293, 300, 301, 302, 303, 306, 307, 316, 318, 322, 323, 329, 331, 338, 339, 347, 349, 352, 353, 354, 356, 358, 361, 362, 363, 365, 367, 369, 376, 377, 378, 379, 382, 383, 390, 393, 397, 398, 401, 402, 403, 406, 416, 420, 432, 433, 434, 436, 437, 444, 445, 446, 448, 451, 454, 456, 467, 468, 474, 478, 482, 483, 484, 485, 486, 487, 488, 490, 501, 502, 513], "excluded_lines": [], "functions": {"add_vocabulary_word": {"executed_lines": [], "summary": {"covered_lines": 0, "num_statements": 17, "percent_covered": 0.0, "percent_covered_display": "0", "missing_lines": 17, "excluded_lines": 0}, "missing_lines": [81, 83, 87, 88, 91, 98, 99, 100, 103, 104, 112, 113, 115, 127, 128, 129, 130], "excluded_lines": []}, "get_vocabulary": {"executed_lines": [], "summary": {"covered_lines": 0, "num_statements": 16, "percent_covered": 0.0, "percent_covered_display": "0", "missing_lines": 16, "excluded_lines": 0}, "missing_lines": [145, 146, 147, 150, 152, 157, 158, 159, 162, 165, 167, 168, 170, 175, 188, 190], "excluded_lines": []}, "get_vocabulary_word": {"executed_lines": [], "summary": {"covered_lines": 0, "num_statements": 7, "percent_covered": 0.0, "percent_covered_display": "0", "missing_lines": 7, "excluded_lines": 0}, "missing_lines": [207, 209, 211, 212, 215, 221, 225], "excluded_lines": []}, "start_practice_session": {"executed_lines": [], "summary": {"covered_lines": 0, "num_statements": 20, "percent_covered": 0.0, "percent_covered_display": "0", "missing_lines": 20, "excluded_lines": 0}, "missing_lines": [247, 248, 251, 257, 259, 260, 263, 272, 273, 274, 277, 278, 279, 280, 285, 293, 300, 301, 302, 303], "excluded_lines": []}, "record_practice_result": {"executed_lines": [], "summary": {"covered_lines": 0, "num_statements": 25, "percent_covered": 0.0, "percent_covered_display": "0", "missing_lines": 25, "excluded_lines": 0}, "missing_lines": [316, 318, 322, 323, 329, 331, 338, 339, 347, 349, 352, 353, 354, 356, 358, 361, 362, 363, 365, 367, 369, 376, 377, 378, 379], "excluded_lines": []}, "get_learning_progress": {"executed_lines": [], "summary": {"covered_lines": 0, "num_statements": 22, "percent_covered": 0.0, "percent_covered_display": "0", "missing_lines": 22, "excluded_lines": 0}, "missing_lines": [390, 393, 397, 398, 401, 402, 403, 406, 416, 420, 432, 433, 434, 436, 437, 444, 445, 446, 448, 451, 454, 456], "excluded_lines": []}, "get_vocabulary_categories": {"executed_lines": [], "summary": {"covered_lines": 0, "num_statements": 10, "percent_covered": 0.0, "percent_covered_display": "0", "missing_lines": 10, "excluded_lines": 0}, "missing_lines": [474, 478, 482, 483, 484, 485, 486, 487, 488, 490], "excluded_lines": []}, "create_vocabulary_category": {"executed_lines": [], "summary": {"covered_lines": 0, "num_statements": 1, "percent_covered": 0.0, "percent_covered_display": "0", "missing_lines": 1, "excluded_lines": 0}, "missing_lines": [513], "excluded_lines": []}, "": {"executed_lines": [], "summary": {"covered_lines": 0, "num_statements": 62, "percent_covered": 0.0, "percent_covered_display": "0", "missing_lines": 62, "excluded_lines": 0}, "missing_lines": [5, 6, 7, 8, 9, 10, 12, 13, 14, 15, 17, 20, 22, 23, 24, 25, 26, 27, 30, 32, 33, 34, 35, 36, 37, 38, 39, 40, 43, 45, 46, 47, 48, 51, 53, 54, 55, 56, 59, 61, 62, 63, 64, 65, 66, 67, 73, 74, 133, 134, 199, 200, 238, 239, 306, 307, 382, 383, 467, 468, 501, 502], "excluded_lines": []}}, "classes": {"VocabularyWordRequest": {"executed_lines": [], "summary": {"covered_lines": 0, "num_statements": 0, "percent_covered": 100.0, "percent_covered_display": "100", "missing_lines": 0, "excluded_lines": 0}, "missing_lines": [], "excluded_lines": []}, "VocabularyWordResponse": {"executed_lines": [], "summary": {"covered_lines": 0, "num_statements": 0, "percent_covered": 100.0, "percent_covered_display": "100", "missing_lines": 0, "excluded_lines": 0}, "missing_lines": [], "excluded_lines": []}, "PracticeSessionRequest": {"executed_lines": [], "summary": {"covered_lines": 0, "num_statements": 0, "percent_covered": 100.0, "percent_covered_display": "100", "missing_lines": 0, "excluded_lines": 0}, "missing_lines": [], "excluded_lines": []}, "PracticeResultRequest": {"executed_lines": [], "summary": {"covered_lines": 0, "num_statements": 0, "percent_covered": 100.0, "percent_covered_display": "100", "missing_lines": 0, "excluded_lines": 0}, "missing_lines": [], "excluded_lines": []}, "LearningProgressResponse": {"executed_lines": [], "summary": {"covered_lines": 0, "num_statements": 0, "percent_covered": 100.0, "percent_covered_display": "100", "missing_lines": 0, "excluded_lines": 0}, "missing_lines": [], "excluded_lines": []}, "": {"executed_lines": [], "summary": {"covered_lines": 0, "num_statements": 180, "percent_covered": 0.0, "percent_covered_display": "0", "missing_lines": 180, "excluded_lines": 0}, "missing_lines": [5, 6, 7, 8, 9, 10, 12, 13, 14, 15, 17, 20, 22, 23, 24, 25, 26, 27, 30, 32, 33, 34, 35, 36, 37, 38, 39, 40, 43, 45, 46, 47, 48, 51, 53, 54, 55, 56, 59, 61, 62, 63, 64, 65, 66, 67, 73, 74, 81, 83, 87, 88, 91, 98, 99, 100, 103, 104, 112, 113, 115, 127, 128, 129, 130, 133, 134, 145, 146, 147, 150, 152, 157, 158, 159, 162, 165, 167, 168, 170, 175, 188, 190, 199, 200, 207, 209, 211, 212, 215, 221, 225, 238, 239, 247, 248, 251, 257, 259, 260, 263, 272, 273, 274, 277, 278, 279, 280, 285, 293, 300, 301, 302, 303, 306, 307, 316, 318, 322, 323, 329, 331, 338, 339, 347, 349, 352, 353, 354, 356, 358, 361, 362, 363, 365, 367, 369, 376, 377, 378, 379, 382, 383, 390, 393, 397, 398, 401, 402, 403, 406, 416, 420, 432, 433, 434, 436, 437, 444, 445, 446, 448, 451, 454, 456, 467, 468, 474, 478, 482, 483, 484, 485, 486, 487, 488, 490, 501, 502, 513], "excluded_lines": []}}}, "backend\\app\\api\\monitoring.py": {"executed_lines": [], "summary": {"covered_lines": 0, "num_statements": 169, "percent_covered": 0.0, "percent_covered_display": "0", "missing_lines": 169, "excluded_lines": 0}, "missing_lines": [11, 12, 13, 14, 15, 16, 18, 19, 20, 21, 22, 23, 25, 26, 27, 30, 32, 39, 41, 42, 43, 46, 48, 49, 52, 54, 55, 56, 59, 61, 62, 63, 71, 72, 73, 76, 79, 80, 86, 89, 92, 93, 99, 102, 105, 106, 111, 114, 116, 117, 120, 121, 122, 123, 125, 130, 131, 132, 137, 138, 139, 146, 148, 149, 152, 153, 154, 155, 157, 162, 163, 164, 169, 170, 171, 178, 180, 181, 184, 185, 186, 187, 189, 190, 196, 201, 202, 203, 208, 209, 210, 217, 219, 221, 222, 223, 224, 225, 228, 229, 230, 231, 232, 233, 235, 236, 238, 246, 247, 248, 258, 260, 261, 262, 263, 264, 265, 268, 269, 270, 271, 272, 273, 275, 276, 278, 286, 287, 288, 302, 308, 315, 325, 331, 338, 339, 340, 342, 348, 350, 351, 352, 358, 370, 373, 376, 379, 385, 392, 393, 394, 400, 411, 417, 429, 430, 431, 432, 433, 435, 446, 454, 455, 457, 468, 471, 476, 482, 484], "excluded_lines": [], "functions": {"get_db_engine": {"executed_lines": [], "summary": {"covered_lines": 0, "num_statements": 3, "percent_covered": 0.0, "percent_covered_display": "0", "missing_lines": 3, "excluded_lines": 0}, "missing_lines": [79, 80, 86], "excluded_lines": []}, "get_redis_client": {"executed_lines": [], "summary": {"covered_lines": 0, "num_statements": 3, "percent_covered": 0.0, "percent_covered_display": "0", "missing_lines": 3, "excluded_lines": 0}, "missing_lines": [92, 93, 99], "excluded_lines": []}, "get_es_client": {"executed_lines": [], "summary": {"covered_lines": 0, "num_statements": 3, "percent_covered": 0.0, "percent_covered_display": "0", "missing_lines": 3, "excluded_lines": 0}, "missing_lines": [105, 106, 111], "excluded_lines": []}, "check_database": {"executed_lines": [], "summary": {"covered_lines": 0, "num_statements": 13, "percent_covered": 0.0, "percent_covered_display": "0", "missing_lines": 13, "excluded_lines": 0}, "missing_lines": [116, 117, 120, 121, 122, 123, 125, 130, 131, 132, 137, 138, 139], "excluded_lines": []}, "check_redis": {"executed_lines": [], "summary": {"covered_lines": 0, "num_statements": 13, "percent_covered": 0.0, "percent_covered_display": "0", "missing_lines": 13, "excluded_lines": 0}, "missing_lines": [148, 149, 152, 153, 154, 155, 157, 162, 163, 164, 169, 170, 171], "excluded_lines": []}, "check_elasticsearch": {"executed_lines": [], "summary": {"covered_lines": 0, "num_statements": 15, "percent_covered": 0.0, "percent_covered_display": "0", "missing_lines": 15, "excluded_lines": 0}, "missing_lines": [180, 181, 184, 185, 186, 187, 189, 190, 196, 201, 202, 203, 208, 209, 210], "excluded_lines": []}, "check_disk_space": {"executed_lines": [], "summary": {"covered_lines": 0, "num_statements": 18, "percent_covered": 0.0, "percent_covered_display": "0", "missing_lines": 18, "excluded_lines": 0}, "missing_lines": [219, 221, 222, 223, 224, 225, 228, 229, 230, 231, 232, 233, 235, 236, 238, 246, 247, 248], "excluded_lines": []}, "check_memory": {"executed_lines": [], "summary": {"covered_lines": 0, "num_statements": 18, "percent_covered": 0.0, "percent_covered_display": "0", "missing_lines": 18, "excluded_lines": 0}, "missing_lines": [260, 261, 262, 263, 264, 265, 268, 269, 270, 271, 272, 273, 275, 276, 278, 286, 287, 288], "excluded_lines": []}, "liveness_probe": {"executed_lines": [], "summary": {"covered_lines": 0, "num_statements": 1, "percent_covered": 0.0, "percent_covered_display": "0", "missing_lines": 1, "excluded_lines": 0}, "missing_lines": [315], "excluded_lines": []}, "readiness_probe": {"executed_lines": [], "summary": {"covered_lines": 0, "num_statements": 9, "percent_covered": 0.0, "percent_covered_display": "0", "missing_lines": 9, "excluded_lines": 0}, "missing_lines": [338, 339, 340, 342, 348, 350, 351, 352, 358], "excluded_lines": []}, "mark_startup_complete": {"executed_lines": [], "summary": {"covered_lines": 0, "num_statements": 1, "percent_covered": 0.0, "percent_covered_display": "0", "missing_lines": 1, "excluded_lines": 0}, "missing_lines": [376], "excluded_lines": []}, "startup_probe": {"executed_lines": [], "summary": {"covered_lines": 0, "num_statements": 4, "percent_covered": 0.0, "percent_covered_display": "0", "missing_lines": 4, "excluded_lines": 0}, "missing_lines": [392, 393, 394, 400], "excluded_lines": []}, "health_check": {"executed_lines": [], "summary": {"covered_lines": 0, "num_statements": 10, "percent_covered": 0.0, "percent_covered_display": "0", "missing_lines": 10, "excluded_lines": 0}, "missing_lines": [429, 430, 431, 432, 433, 435, 446, 454, 455, 457], "excluded_lines": []}, "metrics_endpoint": {"executed_lines": [], "summary": {"covered_lines": 0, "num_statements": 2, "percent_covered": 0.0, "percent_covered_display": "0", "missing_lines": 2, "excluded_lines": 0}, "missing_lines": [482, 484], "excluded_lines": []}, "": {"executed_lines": [], "summary": {"covered_lines": 0, "num_statements": 56, "percent_covered": 0.0, "percent_covered_display": "0", "missing_lines": 56, "excluded_lines": 0}, "missing_lines": [11, 12, 13, 14, 15, 16, 18, 19, 20, 21, 22, 23, 25, 26, 27, 30, 32, 39, 41, 42, 43, 46, 48, 49, 52, 54, 55, 56, 59, 61, 62, 63, 71, 72, 73, 76, 89, 102, 114, 146, 178, 217, 258, 302, 308, 325, 331, 370, 373, 379, 385, 411, 417, 468, 471, 476], "excluded_lines": []}}, "classes": {"HealthResponse": {"executed_lines": [], "summary": {"covered_lines": 0, "num_statements": 0, "percent_covered": 100.0, "percent_covered_display": "100", "missing_lines": 0, "excluded_lines": 0}, "missing_lines": [], "excluded_lines": []}, "LivenessResponse": {"executed_lines": [], "summary": {"covered_lines": 0, "num_statements": 0, "percent_covered": 100.0, "percent_covered_display": "100", "missing_lines": 0, "excluded_lines": 0}, "missing_lines": [], "excluded_lines": []}, "ReadinessResponse": {"executed_lines": [], "summary": {"covered_lines": 0, "num_statements": 0, "percent_covered": 100.0, "percent_covered_display": "100", "missing_lines": 0, "excluded_lines": 0}, "missing_lines": [], "excluded_lines": []}, "StartupResponse": {"executed_lines": [], "summary": {"covered_lines": 0, "num_statements": 0, "percent_covered": 100.0, "percent_covered_display": "100", "missing_lines": 0, "excluded_lines": 0}, "missing_lines": [], "excluded_lines": []}, "": {"executed_lines": [], "summary": {"covered_lines": 0, "num_statements": 169, "percent_covered": 0.0, "percent_covered_display": "0", "missing_lines": 169, "excluded_lines": 0}, "missing_lines": [11, 12, 13, 14, 15, 16, 18, 19, 20, 21, 22, 23, 25, 26, 27, 30, 32, 39, 41, 42, 43, 46, 48, 49, 52, 54, 55, 56, 59, 61, 62, 63, 71, 72, 73, 76, 79, 80, 86, 89, 92, 93, 99, 102, 105, 106, 111, 114, 116, 117, 120, 121, 122, 123, 125, 130, 131, 132, 137, 138, 139, 146, 148, 149, 152, 153, 154, 155, 157, 162, 163, 164, 169, 170, 171, 178, 180, 181, 184, 185, 186, 187, 189, 190, 196, 201, 202, 203, 208, 209, 210, 217, 219, 221, 222, 223, 224, 225, 228, 229, 230, 231, 232, 233, 235, 236, 238, 246, 247, 248, 258, 260, 261, 262, 263, 264, 265, 268, 269, 270, 271, 272, 273, 275, 276, 278, 286, 287, 288, 302, 308, 315, 325, 331, 338, 339, 340, 342, 348, 350, 351, 352, 358, 370, 373, 376, 379, 385, 392, 393, 394, 400, 411, 417, 429, 430, 431, 432, 433, 435, 446, 454, 455, 457, 468, 471, 476, 482, 484], "excluded_lines": []}}}, "backend\\app\\api\\notifications.py": {"executed_lines": [], "summary": {"covered_lines": 0, "num_statements": 120, "percent_covered": 0.0, "percent_covered_display": "0", "missing_lines": 120, "excluded_lines": 0}, "missing_lines": [6, 7, 8, 9, 11, 12, 13, 14, 15, 18, 23, 25, 26, 27, 28, 29, 30, 31, 32, 33, 34, 35, 36, 37, 40, 42, 43, 44, 45, 46, 47, 50, 52, 53, 56, 58, 59, 60, 61, 62, 63, 64, 65, 66, 67, 70, 72, 73, 74, 75, 76, 77, 78, 79, 80, 81, 82, 83, 84, 89, 90, 107, 110, 111, 112, 113, 114, 115, 121, 122, 131, 134, 136, 146, 147, 155, 158, 161, 162, 163, 169, 170, 172, 175, 176, 185, 187, 189, 190, 195, 198, 199, 207, 209, 211, 218, 219, 228, 230, 232, 233, 238, 241, 242, 250, 252, 254, 263, 264, 272, 274, 276, 278, 280, 283, 284, 293, 296, 298, 303], "excluded_lines": [], "functions": {"get_notifications": {"executed_lines": [], "summary": {"covered_lines": 0, "num_statements": 12, "percent_covered": 0.0, "percent_covered_display": "0", "missing_lines": 12, "excluded_lines": 0}, "missing_lines": [107, 110, 111, 112, 113, 114, 115, 121, 122, 131, 134, 136], "excluded_lines": []}, "get_unread_count": {"executed_lines": [], "summary": {"covered_lines": 0, "num_statements": 8, "percent_covered": 0.0, "percent_covered_display": "0", "missing_lines": 8, "excluded_lines": 0}, "missing_lines": [155, 158, 161, 162, 163, 169, 170, 172], "excluded_lines": []}, "mark_notification_read": {"executed_lines": [], "summary": {"covered_lines": 0, "num_statements": 5, "percent_covered": 0.0, "percent_covered_display": "0", "missing_lines": 5, "excluded_lines": 0}, "missing_lines": [185, 187, 189, 190, 195], "excluded_lines": []}, "mark_all_read": {"executed_lines": [], "summary": {"covered_lines": 0, "num_statements": 3, "percent_covered": 0.0, "percent_covered_display": "0", "missing_lines": 3, "excluded_lines": 0}, "missing_lines": [207, 209, 211], "excluded_lines": []}, "delete_notification": {"executed_lines": [], "summary": {"covered_lines": 0, "num_statements": 5, "percent_covered": 0.0, "percent_covered_display": "0", "missing_lines": 5, "excluded_lines": 0}, "missing_lines": [228, 230, 232, 233, 238], "excluded_lines": []}, "clear_read_notifications": {"executed_lines": [], "summary": {"covered_lines": 0, "num_statements": 3, "percent_covered": 0.0, "percent_covered_display": "0", "missing_lines": 3, "excluded_lines": 0}, "missing_lines": [250, 252, 254], "excluded_lines": []}, "get_notification_preferences": {"executed_lines": [], "summary": {"covered_lines": 0, "num_statements": 5, "percent_covered": 0.0, "percent_covered_display": "0", "missing_lines": 5, "excluded_lines": 0}, "missing_lines": [272, 274, 276, 278, 280], "excluded_lines": []}, "update_notification_preferences": {"executed_lines": [], "summary": {"covered_lines": 0, "num_statements": 4, "percent_covered": 0.0, "percent_covered_display": "0", "missing_lines": 4, "excluded_lines": 0}, "missing_lines": [293, 296, 298, 303], "excluded_lines": []}, "": {"executed_lines": [], "summary": {"covered_lines": 0, "num_statements": 75, "percent_covered": 0.0, "percent_covered_display": "0", "missing_lines": 75, "excluded_lines": 0}, "missing_lines": [6, 7, 8, 9, 11, 12, 13, 14, 15, 18, 23, 25, 26, 27, 28, 29, 30, 31, 32, 33, 34, 35, 36, 37, 40, 42, 43, 44, 45, 46, 47, 50, 52, 53, 56, 58, 59, 60, 61, 62, 63, 64, 65, 66, 67, 70, 72, 73, 74, 75, 76, 77, 78, 79, 80, 81, 82, 83, 84, 89, 90, 146, 147, 175, 176, 198, 199, 218, 219, 241, 242, 263, 264, 283, 284], "excluded_lines": []}}, "classes": {"NotificationResponse": {"executed_lines": [], "summary": {"covered_lines": 0, "num_statements": 0, "percent_covered": 100.0, "percent_covered_display": "100", "missing_lines": 0, "excluded_lines": 0}, "missing_lines": [], "excluded_lines": []}, "NotificationListResponse": {"executed_lines": [], "summary": {"covered_lines": 0, "num_statements": 0, "percent_covered": 100.0, "percent_covered_display": "100", "missing_lines": 0, "excluded_lines": 0}, "missing_lines": [], "excluded_lines": []}, "UnreadCountResponse": {"executed_lines": [], "summary": {"covered_lines": 0, "num_statements": 0, "percent_covered": 100.0, "percent_covered_display": "100", "missing_lines": 0, "excluded_lines": 0}, "missing_lines": [], "excluded_lines": []}, "NotificationPreferenceUpdate": {"executed_lines": [], "summary": {"covered_lines": 0, "num_statements": 0, "percent_covered": 100.0, "percent_covered_display": "100", "missing_lines": 0, "excluded_lines": 0}, "missing_lines": [], "excluded_lines": []}, "NotificationPreferenceResponse": {"executed_lines": [], "summary": {"covered_lines": 0, "num_statements": 0, "percent_covered": 100.0, "percent_covered_display": "100", "missing_lines": 0, "excluded_lines": 0}, "missing_lines": [], "excluded_lines": []}, "": {"executed_lines": [], "summary": {"covered_lines": 0, "num_statements": 120, "percent_covered": 0.0, "percent_covered_display": "0", "missing_lines": 120, "excluded_lines": 0}, "missing_lines": [6, 7, 8, 9, 11, 12, 13, 14, 15, 18, 23, 25, 26, 27, 28, 29, 30, 31, 32, 33, 34, 35, 36, 37, 40, 42, 43, 44, 45, 46, 47, 50, 52, 53, 56, 58, 59, 60, 61, 62, 63, 64, 65, 66, 67, 70, 72, 73, 74, 75, 76, 77, 78, 79, 80, 81, 82, 83, 84, 89, 90, 107, 110, 111, 112, 113, 114, 115, 121, 122, 131, 134, 136, 146, 147, 155, 158, 161, 162, 163, 169, 170, 172, 175, 176, 185, 187, 189, 190, 195, 198, 199, 207, 209, 211, 218, 219, 228, 230, 232, 233, 238, 241, 242, 250, 252, 254, 263, 264, 272, 274, 276, 278, 280, 283, 284, 293, 296, 298, 303], "excluded_lines": []}}}, "backend\\app\\api\\preferences.py": {"executed_lines": [], "summary": {"covered_lines": 0, "num_statements": 182, "percent_covered": 0.0, "percent_covered_display": "0", "missing_lines": 182, "excluded_lines": 0}, "missing_lines": [6, 7, 8, 9, 10, 11, 12, 13, 14, 15, 16, 18, 19, 20, 21, 23, 25, 31, 32, 33, 34, 35, 36, 37, 38, 41, 42, 43, 44, 45, 46, 49, 50, 51, 52, 53, 56, 57, 58, 59, 62, 63, 64, 65, 68, 69, 70, 71, 72, 75, 76, 77, 78, 79, 82, 83, 84, 87, 88, 89, 90, 91, 92, 93, 94, 95, 96, 97, 98, 100, 101, 102, 103, 104, 105, 106, 109, 110, 111, 112, 113, 116, 117, 118, 119, 120, 121, 122, 123, 124, 131, 134, 136, 137, 166, 167, 174, 176, 178, 181, 182, 189, 192, 193, 196, 198, 201, 202, 209, 210, 213, 216, 217, 226, 227, 229, 231, 233, 234, 236, 244, 246, 247, 250, 253, 254, 255, 256, 257, 258, 259, 260, 261, 263, 265, 267, 269, 278, 279, 294, 296, 297, 302, 303, 306, 307, 310, 311, 314, 315, 318, 319, 322, 323, 326, 327, 330, 332, 334, 340, 341, 342, 343, 349, 350, 369, 371, 372, 375, 376, 377, 379, 381, 387, 389, 395, 396, 397, 398, 404, 405, 407], "excluded_lines": [], "functions": {"LanguageLearningPreferences.validate_difficulty_range": {"executed_lines": [], "summary": {"covered_lines": 0, "num_statements": 5, "percent_covered": 0.0, "percent_covered_display": "0", "missing_lines": 5, "excluded_lines": 0}, "missing_lines": [102, 103, 104, 105, 106], "excluded_lines": []}, "get_default_preferences": {"executed_lines": [], "summary": {"covered_lines": 0, "num_statements": 2, "percent_covered": 0.0, "percent_covered_display": "0", "missing_lines": 2, "excluded_lines": 0}, "missing_lines": [136, 137], "excluded_lines": []}, "get_user_preferences": {"executed_lines": [], "summary": {"covered_lines": 0, "num_statements": 3, "percent_covered": 0.0, "percent_covered_display": "0", "missing_lines": 3, "excluded_lines": 0}, "missing_lines": [174, 176, 178], "excluded_lines": []}, "update_user_preferences": {"executed_lines": [], "summary": {"covered_lines": 0, "num_statements": 5, "percent_covered": 0.0, "percent_covered_display": "0", "missing_lines": 5, "excluded_lines": 0}, "missing_lines": [189, 192, 193, 196, 198], "excluded_lines": []}, "reset_user_preferences": {"executed_lines": [], "summary": {"covered_lines": 0, "num_statements": 3, "percent_covered": 0.0, "percent_covered_display": "0", "missing_lines": 3, "excluded_lines": 0}, "missing_lines": [209, 210, 213], "excluded_lines": []}, "export_user_data": {"executed_lines": [], "summary": {"covered_lines": 0, "num_statements": 24, "percent_covered": 0.0, "percent_covered_display": "0", "missing_lines": 24, "excluded_lines": 0}, "missing_lines": [226, 227, 229, 231, 233, 234, 236, 244, 246, 247, 250, 253, 254, 255, 256, 257, 258, 259, 260, 261, 263, 265, 267, 269], "excluded_lines": []}, "delete_user_account": {"executed_lines": [], "summary": {"covered_lines": 0, "num_statements": 24, "percent_covered": 0.0, "percent_covered_display": "0", "missing_lines": 24, "excluded_lines": 0}, "missing_lines": [294, 296, 297, 302, 303, 306, 307, 310, 311, 314, 315, 318, 319, 322, 323, 326, 327, 330, 332, 334, 340, 341, 342, 343], "excluded_lines": []}, "clear_user_progress": {"executed_lines": [], "summary": {"covered_lines": 0, "num_statements": 14, "percent_covered": 0.0, "percent_covered_display": "0", "missing_lines": 14, "excluded_lines": 0}, "missing_lines": [369, 371, 372, 375, 376, 377, 379, 381, 387, 389, 395, 396, 397, 398], "excluded_lines": []}, "health_check": {"executed_lines": [], "summary": {"covered_lines": 0, "num_statements": 1, "percent_covered": 0.0, "percent_covered_display": "0", "missing_lines": 1, "excluded_lines": 0}, "missing_lines": [407], "excluded_lines": []}, "": {"executed_lines": [], "summary": {"covered_lines": 0, "num_statements": 101, "percent_covered": 0.0, "percent_covered_display": "0", "missing_lines": 101, "excluded_lines": 0}, "missing_lines": [6, 7, 8, 9, 10, 11, 12, 13, 14, 15, 16, 18, 19, 20, 21, 23, 25, 31, 32, 33, 34, 35, 36, 37, 38, 41, 42, 43, 44, 45, 46, 49, 50, 51, 52, 53, 56, 57, 58, 59, 62, 63, 64, 65, 68, 69, 70, 71, 72, 75, 76, 77, 78, 79, 82, 83, 84, 87, 88, 89, 90, 91, 92, 93, 94, 95, 96, 97, 98, 100, 101, 109, 110, 111, 112, 113, 116, 117, 118, 119, 120, 121, 122, 123, 124, 131, 134, 166, 167, 181, 182, 201, 202, 216, 217, 278, 279, 349, 350, 404, 405], "excluded_lines": []}}, "classes": {"ProfilePreferences": {"executed_lines": [], "summary": {"covered_lines": 0, "num_statements": 0, "percent_covered": 100.0, "percent_covered_display": "100", "missing_lines": 0, "excluded_lines": 0}, "missing_lines": [], "excluded_lines": []}, "EmailNotifications": {"executed_lines": [], "summary": {"covered_lines": 0, "num_statements": 0, "percent_covered": 100.0, "percent_covered_display": "100", "missing_lines": 0, "excluded_lines": 0}, "missing_lines": [], "excluded_lines": []}, "InAppNotifications": {"executed_lines": [], "summary": {"covered_lines": 0, "num_statements": 0, "percent_covered": 100.0, "percent_covered_display": "100", "missing_lines": 0, "excluded_lines": 0}, "missing_lines": [], "excluded_lines": []}, "DeliveryTimes": {"executed_lines": [], "summary": {"covered_lines": 0, "num_statements": 0, "percent_covered": 100.0, "percent_covered_display": "100", "missing_lines": 0, "excluded_lines": 0}, "missing_lines": [], "excluded_lines": []}, "NotificationSettings": {"executed_lines": [], "summary": {"covered_lines": 0, "num_statements": 0, "percent_covered": 100.0, "percent_covered_display": "100", "missing_lines": 0, "excluded_lines": 0}, "missing_lines": [], "excluded_lines": []}, "Appearance": {"executed_lines": [], "summary": {"covered_lines": 0, "num_statements": 0, "percent_covered": 100.0, "percent_covered_display": "100", "missing_lines": 0, "excluded_lines": 0}, "missing_lines": [], "excluded_lines": []}, "Layout": {"executed_lines": [], "summary": {"covered_lines": 0, "num_statements": 0, "percent_covered": 100.0, "percent_covered_display": "100", "missing_lines": 0, "excluded_lines": 0}, "missing_lines": [], "excluded_lines": []}, "DisplayPreferences": {"executed_lines": [], "summary": {"covered_lines": 0, "num_statements": 0, "percent_covered": 100.0, "percent_covered_display": "100", "missing_lines": 0, "excluded_lines": 0}, "missing_lines": [], "excluded_lines": []}, "LanguageLearningPreferences": {"executed_lines": [], "summary": {"covered_lines": 0, "num_statements": 5, "percent_covered": 0.0, "percent_covered_display": "0", "missing_lines": 5, "excluded_lines": 0}, "missing_lines": [102, 103, 104, 105, 106], "excluded_lines": []}, "PrivacyPreferences": {"executed_lines": [], "summary": {"covered_lines": 0, "num_statements": 0, "percent_covered": 100.0, "percent_covered_display": "100", "missing_lines": 0, "excluded_lines": 0}, "missing_lines": [], "excluded_lines": []}, "UserPreferences": {"executed_lines": [], "summary": {"covered_lines": 0, "num_statements": 0, "percent_covered": 100.0, "percent_covered_display": "100", "missing_lines": 0, "excluded_lines": 0}, "missing_lines": [], "excluded_lines": []}, "": {"executed_lines": [], "summary": {"covered_lines": 0, "num_statements": 177, "percent_covered": 0.0, "percent_covered_display": "0", "missing_lines": 177, "excluded_lines": 0}, "missing_lines": [6, 7, 8, 9, 10, 11, 12, 13, 14, 15, 16, 18, 19, 20, 21, 23, 25, 31, 32, 33, 34, 35, 36, 37, 38, 41, 42, 43, 44, 45, 46, 49, 50, 51, 52, 53, 56, 57, 58, 59, 62, 63, 64, 65, 68, 69, 70, 71, 72, 75, 76, 77, 78, 79, 82, 83, 84, 87, 88, 89, 90, 91, 92, 93, 94, 95, 96, 97, 98, 100, 101, 109, 110, 111, 112, 113, 116, 117, 118, 119, 120, 121, 122, 123, 124, 131, 134, 136, 137, 166, 167, 174, 176, 178, 181, 182, 189, 192, 193, 196, 198, 201, 202, 209, 210, 213, 216, 217, 226, 227, 229, 231, 233, 234, 236, 244, 246, 247, 250, 253, 254, 255, 256, 257, 258, 259, 260, 261, 263, 265, 267, 269, 278, 279, 294, 296, 297, 302, 303, 306, 307, 310, 311, 314, 315, 318, 319, 322, 323, 326, 327, 330, 332, 334, 340, 341, 342, 343, 349, 350, 369, 371, 372, 375, 376, 377, 379, 381, 387, 389, 395, 396, 397, 398, 404, 405, 407], "excluded_lines": []}}}, "backend\\app\\api\\scheduler.py": {"executed_lines": [], "summary": {"covered_lines": 0, "num_statements": 98, "percent_covered": 0.0, "percent_covered_display": "0", "missing_lines": 98, "excluded_lines": 0}, "missing_lines": [5, 6, 7, 9, 10, 14, 17, 18, 28, 29, 30, 31, 32, 38, 39, 49, 50, 51, 53, 58, 59, 65, 66, 79, 80, 83, 84, 85, 91, 93, 98, 99, 100, 101, 107, 108, 118, 119, 121, 125, 126, 132, 133, 143, 144, 145, 147, 148, 153, 159, 160, 161, 162, 168, 169, 179, 180, 181, 183, 184, 189, 195, 196, 197, 198, 204, 205, 215, 216, 217, 219, 220, 225, 232, 233, 234, 235, 241, 242, 252, 253, 255, 256, 261, 267, 268, 269, 270, 276, 277, 286, 287, 288, 289, 292, 298, 306, 307], "excluded_lines": [], "functions": {"get_scheduler_status": {"executed_lines": [], "summary": {"covered_lines": 0, "num_statements": 5, "percent_covered": 0.0, "percent_covered_display": "0", "missing_lines": 5, "excluded_lines": 0}, "missing_lines": [28, 29, 30, 31, 32], "excluded_lines": []}, "list_jobs": {"executed_lines": [], "summary": {"covered_lines": 0, "num_statements": 6, "percent_covered": 0.0, "percent_covered_display": "0", "missing_lines": 6, "excluded_lines": 0}, "missing_lines": [49, 50, 51, 53, 58, 59], "excluded_lines": []}, "get_job_details": {"executed_lines": [], "summary": {"covered_lines": 0, "num_statements": 11, "percent_covered": 0.0, "percent_covered_display": "0", "missing_lines": 11, "excluded_lines": 0}, "missing_lines": [79, 80, 83, 84, 85, 91, 93, 98, 99, 100, 101], "excluded_lines": []}, "get_metrics": {"executed_lines": [], "summary": {"covered_lines": 0, "num_statements": 5, "percent_covered": 0.0, "percent_covered_display": "0", "missing_lines": 5, "excluded_lines": 0}, "missing_lines": [118, 119, 121, 125, 126], "excluded_lines": []}, "pause_job": {"executed_lines": [], "summary": {"covered_lines": 0, "num_statements": 10, "percent_covered": 0.0, "percent_covered_display": "0", "missing_lines": 10, "excluded_lines": 0}, "missing_lines": [143, 144, 145, 147, 148, 153, 159, 160, 161, 162], "excluded_lines": []}, "resume_job": {"executed_lines": [], "summary": {"covered_lines": 0, "num_statements": 10, "percent_covered": 0.0, "percent_covered_display": "0", "missing_lines": 10, "excluded_lines": 0}, "missing_lines": [179, 180, 181, 183, 184, 189, 195, 196, 197, 198], "excluded_lines": []}, "trigger_job": {"executed_lines": [], "summary": {"covered_lines": 0, "num_statements": 10, "percent_covered": 0.0, "percent_covered_display": "0", "missing_lines": 10, "excluded_lines": 0}, "missing_lines": [215, 216, 217, 219, 220, 225, 232, 233, 234, 235], "excluded_lines": []}, "manual_scrape": {"executed_lines": [], "summary": {"covered_lines": 0, "num_statements": 9, "percent_covered": 0.0, "percent_covered_display": "0", "missing_lines": 9, "excluded_lines": 0}, "missing_lines": [252, 253, 255, 256, 261, 267, 268, 269, 270], "excluded_lines": []}, "scheduler_health_check": {"executed_lines": [], "summary": {"covered_lines": 0, "num_statements": 8, "percent_covered": 0.0, "percent_covered_display": "0", "missing_lines": 8, "excluded_lines": 0}, "missing_lines": [286, 287, 288, 289, 292, 298, 306, 307], "excluded_lines": []}, "": {"executed_lines": [], "summary": {"covered_lines": 0, "num_statements": 24, "percent_covered": 0.0, "percent_covered_display": "0", "missing_lines": 24, "excluded_lines": 0}, "missing_lines": [5, 6, 7, 9, 10, 14, 17, 18, 38, 39, 65, 66, 107, 108, 132, 133, 168, 169, 204, 205, 241, 242, 276, 277], "excluded_lines": []}}, "classes": {"": {"executed_lines": [], "summary": {"covered_lines": 0, "num_statements": 98, "percent_covered": 0.0, "percent_covered_display": "0", "missing_lines": 98, "excluded_lines": 0}, "missing_lines": [5, 6, 7, 9, 10, 14, 17, 18, 28, 29, 30, 31, 32, 38, 39, 49, 50, 51, 53, 58, 59, 65, 66, 79, 80, 83, 84, 85, 91, 93, 98, 99, 100, 101, 107, 108, 118, 119, 121, 125, 126, 132, 133, 143, 144, 145, 147, 148, 153, 159, 160, 161, 162, 168, 169, 179, 180, 181, 183, 184, 189, 195, 196, 197, 198, 204, 205, 215, 216, 217, 219, 220, 225, 232, 233, 234, 235, 241, 242, 252, 253, 255, 256, 261, 267, 268, 269, 270, 276, 277, 286, 287, 288, 289, 292, 298, 306, 307], "excluded_lines": []}}}, "backend\\app\\api\\scraping.py": {"executed_lines": [], "summary": {"covered_lines": 0, "num_statements": 98, "percent_covered": 0.0, "percent_covered_display": "0", "missing_lines": 98, "excluded_lines": 0}, "missing_lines": [5, 6, 7, 8, 9, 11, 12, 13, 14, 15, 16, 17, 19, 22, 30, 31, 51, 52, 53, 54, 57, 58, 59, 62, 63, 64, 66, 67, 68, 69, 77, 79, 85, 94, 95, 103, 104, 105, 106, 107, 108, 109, 111, 112, 115, 116, 117, 118, 125, 133, 135, 136, 137, 140, 141, 143, 146, 148, 149, 151, 154, 155, 159, 161, 162, 165, 166, 169, 173, 174, 177, 178, 179, 182, 183, 184, 186, 198, 199, 205, 206, 216, 217, 220, 223, 224, 226, 227, 229, 230, 232, 233, 236, 237, 246, 267, 274, 275], "excluded_lines": [], "functions": {"list_sources": {"executed_lines": [], "summary": {"covered_lines": 0, "num_statements": 17, "percent_covered": 0.0, "percent_covered_display": "0", "missing_lines": 17, "excluded_lines": 0}, "missing_lines": [51, 52, 53, 54, 57, 58, 59, 62, 63, 64, 66, 67, 68, 69, 77, 79, 85], "excluded_lines": []}, "trigger_scraping": {"executed_lines": [], "summary": {"covered_lines": 0, "num_statements": 14, "percent_covered": 0.0, "percent_covered_display": "0", "missing_lines": 14, "excluded_lines": 0}, "missing_lines": [103, 104, 105, 106, 107, 108, 109, 111, 112, 115, 116, 117, 118, 125], "excluded_lines": []}, "run_scraper": {"executed_lines": [], "summary": {"covered_lines": 0, "num_statements": 10, "percent_covered": 0.0, "percent_covered_display": "0", "missing_lines": 10, "excluded_lines": 0}, "missing_lines": [135, 136, 137, 140, 141, 143, 146, 148, 149, 151], "excluded_lines": []}, "get_scraping_status": {"executed_lines": [], "summary": {"covered_lines": 0, "num_statements": 17, "percent_covered": 0.0, "percent_covered_display": "0", "missing_lines": 17, "excluded_lines": 0}, "missing_lines": [159, 161, 162, 165, 166, 169, 173, 174, 177, 178, 179, 182, 183, 184, 186, 198, 199], "excluded_lines": []}, "get_scraped_content": {"executed_lines": [], "summary": {"covered_lines": 0, "num_statements": 17, "percent_covered": 0.0, "percent_covered_display": "0", "missing_lines": 17, "excluded_lines": 0}, "missing_lines": [216, 217, 220, 223, 224, 226, 227, 229, 230, 232, 233, 236, 237, 246, 267, 274, 275], "excluded_lines": []}, "": {"executed_lines": [], "summary": {"covered_lines": 0, "num_statements": 23, "percent_covered": 0.0, "percent_covered_display": "0", "missing_lines": 23, "excluded_lines": 0}, "missing_lines": [5, 6, 7, 8, 9, 11, 12, 13, 14, 15, 16, 17, 19, 22, 30, 31, 94, 95, 133, 154, 155, 205, 206], "excluded_lines": []}}, "classes": {"": {"executed_lines": [], "summary": {"covered_lines": 0, "num_statements": 98, "percent_covered": 0.0, "percent_covered_display": "0", "missing_lines": 98, "excluded_lines": 0}, "missing_lines": [5, 6, 7, 8, 9, 11, 12, 13, 14, 15, 16, 17, 19, 22, 30, 31, 51, 52, 53, 54, 57, 58, 59, 62, 63, 64, 66, 67, 68, 69, 77, 79, 85, 94, 95, 103, 104, 105, 106, 107, 108, 109, 111, 112, 115, 116, 117, 118, 125, 133, 135, 136, 137, 140, 141, 143, 146, 148, 149, 151, 154, 155, 159, 161, 162, 165, 166, 169, 173, 174, 177, 178, 179, 182, 183, 184, 186, 198, 199, 205, 206, 216, 217, 220, 223, 224, 226, 227, 229, 230, 232, 233, 236, 237, 246, 267, 274, 275], "excluded_lines": []}}}, "backend\\app\\api\\search.py": {"executed_lines": [], "summary": {"covered_lines": 0, "num_statements": 112, "percent_covered": 0.0, "percent_covered_display": "0", "missing_lines": 112, "excluded_lines": 0}, "missing_lines": [12, 13, 14, 16, 17, 19, 23, 25, 26, 27, 28, 29, 32, 34, 35, 36, 37, 38, 39, 42, 44, 47, 49, 52, 54, 57, 59, 62, 64, 65, 69, 70, 81, 82, 83, 90, 92, 93, 96, 97, 107, 108, 109, 114, 116, 117, 120, 121, 129, 130, 131, 132, 134, 135, 138, 139, 145, 148, 149, 162, 163, 165, 166, 167, 168, 169, 170, 171, 173, 179, 181, 182, 186, 187, 193, 194, 195, 196, 201, 202, 205, 206, 212, 213, 214, 215, 220, 221, 224, 225, 231, 232, 233, 237, 243, 244, 247, 248, 254, 255, 256, 257, 262, 263, 266, 267, 273, 274, 275, 276, 281, 282], "excluded_lines": [], "functions": {"search": {"executed_lines": [], "summary": {"covered_lines": 0, "num_statements": 6, "percent_covered": 0.0, "percent_covered_display": "0", "missing_lines": 6, "excluded_lines": 0}, "missing_lines": [81, 82, 83, 90, 92, 93], "excluded_lines": []}, "autocomplete": {"executed_lines": [], "summary": {"covered_lines": 0, "num_statements": 6, "percent_covered": 0.0, "percent_covered_display": "0", "missing_lines": 6, "excluded_lines": 0}, "missing_lines": [107, 108, 109, 114, 116, 117], "excluded_lines": []}, "get_facets": {"executed_lines": [], "summary": {"covered_lines": 0, "num_statements": 6, "percent_covered": 0.0, "percent_covered_display": "0", "missing_lines": 6, "excluded_lines": 0}, "missing_lines": [129, 130, 131, 132, 134, 135], "excluded_lines": []}, "search_articles": {"executed_lines": [], "summary": {"covered_lines": 0, "num_statements": 1, "percent_covered": 0.0, "percent_covered_display": "0", "missing_lines": 1, "excluded_lines": 0}, "missing_lines": [145], "excluded_lines": []}, "search_vocabulary": {"executed_lines": [], "summary": {"covered_lines": 0, "num_statements": 13, "percent_covered": 0.0, "percent_covered_display": "0", "missing_lines": 13, "excluded_lines": 0}, "missing_lines": [162, 163, 165, 166, 167, 168, 169, 170, 171, 173, 179, 181, 182], "excluded_lines": []}, "initialize_indices": {"executed_lines": [], "summary": {"covered_lines": 0, "num_statements": 6, "percent_covered": 0.0, "percent_covered_display": "0", "missing_lines": 6, "excluded_lines": 0}, "missing_lines": [193, 194, 195, 196, 201, 202], "excluded_lines": []}, "index_article": {"executed_lines": [], "summary": {"covered_lines": 0, "num_statements": 6, "percent_covered": 0.0, "percent_covered_display": "0", "missing_lines": 6, "excluded_lines": 0}, "missing_lines": [212, 213, 214, 215, 220, 221], "excluded_lines": []}, "index_articles_bulk": {"executed_lines": [], "summary": {"covered_lines": 0, "num_statements": 6, "percent_covered": 0.0, "percent_covered_display": "0", "missing_lines": 6, "excluded_lines": 0}, "missing_lines": [231, 232, 233, 237, 243, 244], "excluded_lines": []}, "delete_article": {"executed_lines": [], "summary": {"covered_lines": 0, "num_statements": 6, "percent_covered": 0.0, "percent_covered_display": "0", "missing_lines": 6, "excluded_lines": 0}, "missing_lines": [254, 255, 256, 257, 262, 263], "excluded_lines": []}, "reindex_all": {"executed_lines": [], "summary": {"covered_lines": 0, "num_statements": 6, "percent_covered": 0.0, "percent_covered_display": "0", "missing_lines": 6, "excluded_lines": 0}, "missing_lines": [273, 274, 275, 276, 281, 282], "excluded_lines": []}, "": {"executed_lines": [], "summary": {"covered_lines": 0, "num_statements": 50, "percent_covered": 0.0, "percent_covered_display": "0", "missing_lines": 50, "excluded_lines": 0}, "missing_lines": [12, 13, 14, 16, 17, 19, 23, 25, 26, 27, 28, 29, 32, 34, 35, 36, 37, 38, 39, 42, 44, 47, 49, 52, 54, 57, 59, 62, 64, 65, 69, 70, 96, 97, 120, 121, 138, 139, 148, 149, 186, 187, 205, 206, 224, 225, 247, 248, 266, 267], "excluded_lines": []}}, "classes": {"SearchRequest": {"executed_lines": [], "summary": {"covered_lines": 0, "num_statements": 0, "percent_covered": 100.0, "percent_covered_display": "100", "missing_lines": 0, "excluded_lines": 0}, "missing_lines": [], "excluded_lines": []}, "SearchResponse": {"executed_lines": [], "summary": {"covered_lines": 0, "num_statements": 0, "percent_covered": 100.0, "percent_covered_display": "100", "missing_lines": 0, "excluded_lines": 0}, "missing_lines": [], "excluded_lines": []}, "AutocompleteResponse": {"executed_lines": [], "summary": {"covered_lines": 0, "num_statements": 0, "percent_covered": 100.0, "percent_covered_display": "100", "missing_lines": 0, "excluded_lines": 0}, "missing_lines": [], "excluded_lines": []}, "FacetsResponse": {"executed_lines": [], "summary": {"covered_lines": 0, "num_statements": 0, "percent_covered": 100.0, "percent_covered_display": "100", "missing_lines": 0, "excluded_lines": 0}, "missing_lines": [], "excluded_lines": []}, "IndexInitRequest": {"executed_lines": [], "summary": {"covered_lines": 0, "num_statements": 0, "percent_covered": 100.0, "percent_covered_display": "100", "missing_lines": 0, "excluded_lines": 0}, "missing_lines": [], "excluded_lines": []}, "IndexArticleRequest": {"executed_lines": [], "summary": {"covered_lines": 0, "num_statements": 0, "percent_covered": 100.0, "percent_covered_display": "100", "missing_lines": 0, "excluded_lines": 0}, "missing_lines": [], "excluded_lines": []}, "IndexArticlesBulkRequest": {"executed_lines": [], "summary": {"covered_lines": 0, "num_statements": 0, "percent_covered": 100.0, "percent_covered_display": "100", "missing_lines": 0, "excluded_lines": 0}, "missing_lines": [], "excluded_lines": []}, "": {"executed_lines": [], "summary": {"covered_lines": 0, "num_statements": 112, "percent_covered": 0.0, "percent_covered_display": "0", "missing_lines": 112, "excluded_lines": 0}, "missing_lines": [12, 13, 14, 16, 17, 19, 23, 25, 26, 27, 28, 29, 32, 34, 35, 36, 37, 38, 39, 42, 44, 47, 49, 52, 54, 57, 59, 62, 64, 65, 69, 70, 81, 82, 83, 90, 92, 93, 96, 97, 107, 108, 109, 114, 116, 117, 120, 121, 129, 130, 131, 132, 134, 135, 138, 139, 145, 148, 149, 162, 163, 165, 166, 167, 168, 169, 170, 171, 173, 179, 181, 182, 186, 187, 193, 194, 195, 196, 201, 202, 205, 206, 212, 213, 214, 215, 220, 221, 224, 225, 231, 232, 233, 237, 243, 244, 247, 248, 254, 255, 256, 257, 262, 263, 266, 267, 273, 274, 275, 276, 281, 282], "excluded_lines": []}}}, "backend\\app\\api\\search_health.py": {"executed_lines": [], "summary": {"covered_lines": 0, "num_statements": 24, "percent_covered": 0.0, "percent_covered_display": "0", "missing_lines": 24, "excluded_lines": 0}, "missing_lines": [7, 8, 10, 12, 15, 16, 22, 23, 24, 26, 31, 32, 38, 39, 45, 46, 48, 49, 50, 51, 56, 58, 63, 64], "excluded_lines": [], "functions": {"elasticsearch_health": {"executed_lines": [], "summary": {"covered_lines": 0, "num_statements": 6, "percent_covered": 0.0, "percent_covered_display": "0", "missing_lines": 6, "excluded_lines": 0}, "missing_lines": [22, 23, 24, 26, 31, 32], "excluded_lines": []}, "search_indices_health": {"executed_lines": [], "summary": {"covered_lines": 0, "num_statements": 10, "percent_covered": 0.0, "percent_covered_display": "0", "missing_lines": 10, "excluded_lines": 0}, "missing_lines": [45, 46, 48, 49, 50, 51, 56, 58, 63, 64], "excluded_lines": []}, "": {"executed_lines": [], "summary": {"covered_lines": 0, "num_statements": 8, "percent_covered": 0.0, "percent_covered_display": "0", "missing_lines": 8, "excluded_lines": 0}, "missing_lines": [7, 8, 10, 12, 15, 16, 38, 39], "excluded_lines": []}}, "classes": {"": {"executed_lines": [], "summary": {"covered_lines": 0, "num_statements": 24, "percent_covered": 0.0, "percent_covered_display": "0", "missing_lines": 24, "excluded_lines": 0}, "missing_lines": [7, 8, 10, 12, 15, 16, 22, 23, 24, 26, 31, 32, 38, 39, 45, 46, 48, 49, 50, 51, 56, 58, 63, 64], "excluded_lines": []}}}, "backend\\app\\config.py": {"executed_lines": [], "summary": {"covered_lines": 0, "num_statements": 50, "percent_covered": 0.0, "percent_covered_display": "0", "missing_lines": 50, "excluded_lines": 0}, "missing_lines": [5, 6, 7, 8, 11, 15, 16, 17, 18, 21, 23, 24, 26, 27, 28, 30, 31, 34, 36, 37, 39, 40, 41, 43, 44, 47, 48, 51, 54, 59, 60, 62, 65, 66, 67, 68, 69, 75, 76, 79, 125, 126, 127, 130, 131, 132, 134, 135, 136, 139], "excluded_lines": [], "functions": {"Settings.get_secret_key": {"executed_lines": [], "summary": {"covered_lines": 0, "num_statements": 5, "percent_covered": 0.0, "percent_covered_display": "0", "missing_lines": 5, "excluded_lines": 0}, "missing_lines": [26, 27, 28, 30, 31], "excluded_lines": []}, "Settings.get_database_url": {"executed_lines": [], "summary": {"covered_lines": 0, "num_statements": 5, "percent_covered": 0.0, "percent_covered_display": "0", "missing_lines": 5, "excluded_lines": 0}, "missing_lines": [39, 40, 41, 43, 44], "excluded_lines": []}, "Settings.ALLOWED_ORIGINS": {"executed_lines": [], "summary": {"covered_lines": 0, "num_statements": 1, "percent_covered": 0.0, "percent_covered_display": "0", "missing_lines": 1, "excluded_lines": 0}, "missing_lines": [62], "excluded_lines": []}, "": {"executed_lines": [], "summary": {"covered_lines": 0, "num_statements": 39, "percent_covered": 0.0, "percent_covered_display": "0", "missing_lines": 39, "excluded_lines": 0}, "missing_lines": [5, 6, 7, 8, 11, 15, 16, 17, 18, 21, 23, 24, 34, 36, 37, 47, 48, 51, 54, 59, 60, 65, 66, 67, 68, 69, 75, 76, 79, 125, 126, 127, 130, 131, 132, 134, 135, 136, 139], "excluded_lines": []}}, "classes": {"Settings": {"executed_lines": [], "summary": {"covered_lines": 0, "num_statements": 11, "percent_covered": 0.0, "percent_covered_display": "0", "missing_lines": 11, "excluded_lines": 0}, "missing_lines": [26, 27, 28, 30, 31, 39, 40, 41, 43, 44, 62], "excluded_lines": []}, "Settings.Config": {"executed_lines": [], "summary": {"covered_lines": 0, "num_statements": 0, "percent_covered": 100.0, "percent_covered_display": "100", "missing_lines": 0, "excluded_lines": 0}, "missing_lines": [], "excluded_lines": []}, "": {"executed_lines": [], "summary": {"covered_lines": 0, "num_statements": 39, "percent_covered": 0.0, "percent_covered_display": "0", "missing_lines": 39, "excluded_lines": 0}, "missing_lines": [5, 6, 7, 8, 11, 15, 16, 17, 18, 21, 23, 24, 34, 36, 37, 47, 48, 51, 54, 59, 60, 65, 66, 67, 68, 69, 75, 76, 79, 125, 126, 127, 130, 131, 132, 134, 135, 136, 139], "excluded_lines": []}}}, "backend\\app\\config\\__init__.py": {"executed_lines": [1, 5, 7], "summary": {"covered_lines": 2, "num_statements": 2, "percent_covered": 100.0, "percent_covered_display": "100", "missing_lines": 0, "excluded_lines": 0}, "missing_lines": [], "excluded_lines": [], "functions": {"": {"executed_lines": [1, 5, 7], "summary": {"covered_lines": 2, "num_statements": 2, "percent_covered": 100.0, "percent_covered_display": "100", "missing_lines": 0, "excluded_lines": 0}, "missing_lines": [], "excluded_lines": []}}, "classes": {"": {"executed_lines": [1, 5, 7], "summary": {"covered_lines": 2, "num_statements": 2, "percent_covered": 100.0, "percent_covered_display": "100", "missing_lines": 0, "excluded_lines": 0}, "missing_lines": [], "excluded_lines": []}}}, "backend\\app\\config\\scheduler_config.py": {"executed_lines": [], "summary": {"covered_lines": 0, "num_statements": 16, "percent_covered": 0.0, "percent_covered_display": "0", "missing_lines": 16, "excluded_lines": 0}, "missing_lines": [6, 7, 8, 9, 10, 12, 16, 19, 27, 33, 41, 60, 69, 76, 84, 92], "excluded_lines": [], "functions": {"": {"executed_lines": [], "summary": {"covered_lines": 0, "num_statements": 16, "percent_covered": 0.0, "percent_covered_display": "0", "missing_lines": 16, "excluded_lines": 0}, "missing_lines": [6, 7, 8, 9, 10, 12, 16, 19, 27, 33, 41, 60, 69, 76, 84, 92], "excluded_lines": []}}, "classes": {"": {"executed_lines": [], "summary": {"covered_lines": 0, "num_statements": 16, "percent_covered": 0.0, "percent_covered_display": "0", "missing_lines": 16, "excluded_lines": 0}, "missing_lines": [6, 7, 8, 9, 10, 12, 16, 19, 27, 33, 41, 60, 69, 76, 84, 92], "excluded_lines": []}}}, "backend\\app\\config\\settings.py": {"executed_lines": [1, 11, 12, 13, 15, 16, 19, 20, 26, 27, 28, 29, 32, 33, 34, 41, 42, 43, 44, 45, 47, 48, 52, 53, 58, 59, 60, 61, 64, 65, 66, 67, 69, 70, 76, 77, 78, 79, 80, 81, 83, 84, 88, 89, 90, 91, 92, 98, 99, 100, 101, 102, 103, 104, 111, 112, 115, 118, 119, 125, 126, 131, 132, 133, 134, 135, 136, 142, 143, 144, 150, 151, 153, 154, 157, 158, 168, 173, 174, 176, 179, 199, 204, 205, 206, 213, 214, 215, 222, 223, 224, 225, 226, 227, 230, 231, 237, 238, 245, 250, 255, 259, 265, 266, 272, 273, 274, 275, 279, 286, 298, 309, 314, 319], "summary": {"covered_lines": 112, "num_statements": 134, "percent_covered": 83.58208955223881, "percent_covered_display": "84", "missing_lines": 22, "excluded_lines": 0}, "missing_lines": [50, 55, 71, 72, 73, 85, 155, 159, 180, 181, 185, 186, 192, 193, 268, 269, 270, 288, 300, 311, 316, 321], "excluded_lines": [], "functions": {"Settings.DATABASE_URL": {"executed_lines": [], "summary": {"covered_lines": 0, "num_statements": 1, "percent_covered": 0.0, "percent_covered_display": "0", "missing_lines": 1, "excluded_lines": 0}, "missing_lines": [50], "excluded_lines": []}, "Settings.DATABASE_URL_SYNC": {"executed_lines": [], "summary": {"covered_lines": 0, "num_statements": 1, "percent_covered": 0.0, "percent_covered_display": "0", "missing_lines": 1, "excluded_lines": 0}, "missing_lines": [55], "excluded_lines": []}, "Settings.REDIS_URL": {"executed_lines": [], "summary": {"covered_lines": 0, "num_statements": 3, "percent_covered": 0.0, "percent_covered_dis
[...]
tatements": 104, "percent_covered": 0.0, "percent_covered_display": "0", "missing_lines": 104, "excluded_lines": 0}, "missing_lines": [6, 7, 8, 9, 12, 13, 15, 16, 17, 18, 19, 20, 21, 22, 25, 37, 47, 61, 71, 73, 76, 89, 90, 97, 100, 103, 105, 120, 123, 124, 126, 127, 130, 131, 132, 133, 136, 137, 140, 142, 145, 146, 149, 150, 153, 157, 168, 171, 172, 174, 177, 178, 180, 185, 186, 189, 190, 192, 193, 194, 195, 196, 199, 201, 207, 208, 211, 214, 216, 221, 222, 224, 225, 226, 229, 230, 232, 237, 238, 241, 250, 251, 252, 253, 256, 257, 259, 265, 268, 280, 281, 282, 283, 284, 286, 297, 299, 301, 302, 303, 304, 308, 311, 321], "excluded_lines": [], "functions": {"DifficultyScorer.__init__": {"executed_lines": [], "summary": {"covered_lines": 0, "num_statements": 1, "percent_covered": 0.0, "percent_covered_display": "0", "missing_lines": 1, "excluded_lines": 0}, "missing_lines": [73], "excluded_lines": []}, "DifficultyScorer.score": {"executed_lines": [], "summary": {"covered_lines": 0, "num_statements": 6, "percent_covered": 0.0, "percent_covered_display": "0", "missing_lines": 6, "excluded_lines": 0}, "missing_lines": [89, 90, 97, 100, 103, 105], "excluded_lines": []}, "DifficultyScorer._calculate_metrics": {"executed_lines": [], "summary": {"covered_lines": 0, "num_statements": 18, "percent_covered": 0.0, "percent_covered_display": "0", "missing_lines": 18, "excluded_lines": 0}, "missing_lines": [123, 124, 126, 127, 130, 131, 132, 133, 136, 137, 140, 142, 145, 146, 149, 150, 153, 157], "excluded_lines": []}, "DifficultyScorer._split_sentences": {"executed_lines": [], "summary": {"covered_lines": 0, "num_statements": 2, "percent_covered": 0.0, "percent_covered_display": "0", "missing_lines": 2, "excluded_lines": 0}, "missing_lines": [171, 172], "excluded_lines": []}, "DifficultyScorer._extract_words": {"executed_lines": [], "summary": {"covered_lines": 0, "num_statements": 2, "percent_covered": 0.0, "percent_covered_display": "0", "missing_lines": 2, "excluded_lines": 0}, "missing_lines": [177, 178], "excluded_lines": []}, "DifficultyScorer._count_syllables": {"executed_lines": [], "summary": {"covered_lines": 0, "num_statements": 10, "percent_covered": 0.0, "percent_covered_display": "0", "missing_lines": 10, "excluded_lines": 0}, "missing_lines": [185, 186, 189, 190, 192, 193, 194, 195, 196, 199], "excluded_lines": []}, "DifficultyScorer._calculate_flesch_huerta": {"executed_lines": [], "summary": {"covered_lines": 0, "num_statements": 4, "percent_covered": 0.0, "percent_covered_display": "0", "missing_lines": 4, "excluded_lines": 0}, "missing_lines": [207, 208, 211, 214], "excluded_lines": []}, "DifficultyScorer._analyze_verb_complexity": {"executed_lines": [], "summary": {"covered_lines": 0, "num_statements": 7, "percent_covered": 0.0, "percent_covered_display": "0", "missing_lines": 7, "excluded_lines": 0}, "missing_lines": [221, 222, 224, 225, 226, 229, 230], "excluded_lines": []}, "DifficultyScorer._detect_subjunctive": {"executed_lines": [], "summary": {"covered_lines": 0, "num_statements": 9, "percent_covered": 0.0, "percent_covered_display": "0", "missing_lines": 9, "excluded_lines": 0}, "missing_lines": [237, 238, 241, 250, 251, 252, 253, 256, 257], "excluded_lines": []}, "DifficultyScorer._compute_composite_score": {"executed_lines": [], "summary": {"covered_lines": 0, "num_statements": 9, "percent_covered": 0.0, "percent_covered_display": "0", "missing_lines": 9, "excluded_lines": 0}, "missing_lines": [265, 268, 280, 281, 282, 283, 284, 286, 297], "excluded_lines": []}, "DifficultyScorer._map_to_cefr": {"executed_lines": [], "summary": {"covered_lines": 0, "num_statements": 4, "percent_covered": 0.0, "percent_covered_display": "0", "missing_lines": 4, "excluded_lines": 0}, "missing_lines": [301, 302, 303, 304], "excluded_lines": []}, "score_text": {"executed_lines": [], "summary": {"covered_lines": 0, "num_statements": 1, "percent_covered": 0.0, "percent_covered_display": "0", "missing_lines": 1, "excluded_lines": 0}, "missing_lines": [321], "excluded_lines": []}, "": {"executed_lines": [], "summary": {"covered_lines": 0, "num_statements": 31, "percent_covered": 0.0, "percent_covered_display": "0", "missing_lines": 31, "excluded_lines": 0}, "missing_lines": [6, 7, 8, 9, 12, 13, 15, 16, 17, 18, 19, 20, 21, 22, 25, 37, 47, 61, 71, 76, 120, 168, 174, 180, 201, 216, 232, 259, 299, 308, 311], "excluded_lines": []}}, "classes": {"DifficultyMetrics": {"executed_lines": [], "summary": {"covered_lines": 0, "num_statements": 0, "percent_covered": 100.0, "percent_covered_display": "100", "missing_lines": 0, "excluded_lines": 0}, "missing_lines": [], "excluded_lines": []}, "DifficultyScorer": {"executed_lines": [], "summary": {"covered_lines": 0, "num_statements": 72, "percent_covered": 0.0, "percent_covered_display": "0", "missing_lines": 72, "excluded_lines": 0}, "missing_lines": [73, 89, 90, 97, 100, 103, 105, 123, 124, 126, 127, 130, 131, 132, 133, 136, 137, 140, 142, 145, 146, 149, 150, 153, 157, 171, 172, 177, 178, 185, 186, 189, 190, 192, 193, 194, 195, 196, 199, 207, 208, 211, 214, 221, 222, 224, 225, 226, 229, 230, 237, 238, 241, 250, 251, 252, 253, 256, 257, 265, 268, 280, 281, 282, 283, 284, 286, 297, 301, 302, 303, 304], "excluded_lines": []}, "": {"executed_lines": [], "summary": {"covered_lines": 0, "num_statements": 32, "percent_covered": 0.0, "percent_covered_display": "0", "missing_lines": 32, "excluded_lines": 0}, "missing_lines": [6, 7, 8, 9, 12, 13, 15, 16, 17, 18, 19, 20, 21, 22, 25, 37, 47, 61, 71, 76, 120, 168, 174, 180, 201, 216, 232, 259, 299, 308, 311, 321], "excluded_lines": []}}}, "nlp\\pipeline.py": {"executed_lines": [], "summary": {"covered_lines": 0, "num_statements": 139, "percent_covered": 0.0, "percent_covered_display": "0", "missing_lines": 139, "excluded_lines": 0}, "missing_lines": [6, 7, 8, 9, 11, 14, 15, 17, 18, 19, 20, 21, 22, 25, 31, 39, 40, 41, 42, 43, 44, 45, 46, 51, 52, 53, 54, 55, 59, 61, 65, 72, 81, 88, 95, 102, 107, 135, 136, 137, 139, 141, 144, 160, 161, 162, 163, 164, 165, 166, 167, 168, 169, 170, 171, 172, 175, 178, 179, 180, 183, 184, 185, 188, 189, 190, 193, 194, 195, 198, 199, 200, 203, 204, 205, 208, 209, 211, 212, 214, 215, 216, 218, 235, 236, 237, 239, 241, 244, 247, 248, 251, 253, 254, 257, 258, 261, 262, 265, 266, 267, 268, 269, 272, 273, 276, 277, 280, 281, 283, 285, 286, 287, 289, 291, 294, 295, 298, 301, 302, 304, 307, 309, 310, 312, 313, 314, 315, 316, 317, 319, 321, 336, 353, 357, 358, 360, 364, 374], "excluded_lines": [], "functions": {"NLPPipeline.__init__": {"executed_lines": [], "summary": {"covered_lines": 0, "num_statements": 14, "percent_covered": 0.0, "percent_covered_display": "0", "missing_lines": 14, "excluded_lines": 0}, "missing_lines": [39, 40, 41, 42, 43, 44, 45, 46, 51, 52, 53, 54, 55, 59], "excluded_lines": []}, "NLPPipeline._initialize_colombian_patterns": {"executed_lines": [], "summary": {"covered_lines": 0, "num_statements": 6, "percent_covered": 0.0, "percent_covered_display": "0", "missing_lines": 6, "excluded_lines": 0}, "missing_lines": [65, 72, 81, 88, 95, 102], "excluded_lines": []}, "NLPPipeline.extract_entities": {"executed_lines": [], "summary": {"covered_lines": 0, "num_statements": 45, "percent_covered": 0.0, "percent_covered_display": "0", "missing_lines": 45, "excluded_lines": 0}, "missing_lines": [135, 136, 137, 139, 141, 144, 160, 161, 162, 163, 164, 165, 166, 167, 168, 169, 170, 171, 172, 175, 178, 179, 180, 183, 184, 185, 188, 189, 190, 193, 194, 195, 198, 199, 200, 203, 204, 205, 208, 209, 211, 212, 214, 215, 216], "excluded_lines": []}, "NLPPipeline.summarize": {"executed_lines": [], "summary": {"covered_lines": 0, "num_statements": 47, "percent_covered": 0.0, "percent_covered_display": "0", "missing_lines": 47, "excluded_lines": 0}, "missing_lines": [235, 236, 237, 239, 241, 244, 247, 248, 251, 253, 254, 257, 258, 261, 262, 265, 266, 267, 268, 269, 272, 273, 276, 277, 280, 281, 283, 285, 286, 287, 289, 291, 294, 295, 298, 301, 302, 304, 307, 309, 310, 312, 313, 314, 315, 316, 317], "excluded_lines": []}, "NLPPipeline._empty_entity_dict": {"executed_lines": [], "summary": {"covered_lines": 0, "num_statements": 1, "percent_covered": 0.0, "percent_covered_display": "0", "missing_lines": 1, "excluded_lines": 0}, "missing_lines": [321], "excluded_lines": []}, "NLPPipeline.process": {"executed_lines": [], "summary": {"covered_lines": 0, "num_statements": 4, "percent_covered": 0.0, "percent_covered_display": "0", "missing_lines": 4, "excluded_lines": 0}, "missing_lines": [353, 357, 358, 360], "excluded_lines": []}, "create_pipeline": {"executed_lines": [], "summary": {"covered_lines": 0, "num_statements": 1, "percent_covered": 0.0, "percent_covered_display": "0", "missing_lines": 1, "excluded_lines": 0}, "missing_lines": [374], "excluded_lines": []}, "": {"executed_lines": [], "summary": {"covered_lines": 0, "num_statements": 21, "percent_covered": 0.0, "percent_covered_display": "0", "missing_lines": 21, "excluded_lines": 0}, "missing_lines": [6, 7, 8, 9, 11, 14, 15, 17, 18, 19, 20, 21, 22, 25, 31, 61, 107, 218, 319, 336, 364], "excluded_lines": []}}, "classes": {"EntityResult": {"executed_lines": [], "summary": {"covered_lines": 0, "num_statements": 0, "percent_covered": 100.0, "percent_covered_display": "100", "missing_lines": 0, "excluded_lines": 0}, "missing_lines": [], "excluded_lines": []}, "NLPPipeline": {"executed_lines": [], "summary": {"covered_lines": 0, "num_statements": 117, "percent_covered": 0.0, "percent_covered_display": "0", "missing_lines": 117, "excluded_lines": 0}, "missing_lines": [39, 40, 41, 42, 43, 44, 45, 46, 51, 52, 53, 54, 55, 59, 65, 72, 81, 88, 95, 102, 135, 136, 137, 139, 141, 144, 160, 161, 162, 163, 164, 165, 166, 167, 168, 169, 170, 171, 172, 175, 178, 179, 180, 183, 184, 185, 188, 189, 190, 193, 194, 195, 198, 199, 200, 203, 204, 205, 208, 209, 211, 212, 214, 215, 216, 235, 236, 237, 239, 241, 244, 247, 248, 251, 253, 254, 257, 258, 261, 262, 265, 266, 267, 268, 269, 272, 273, 276, 277, 280, 281, 283, 285, 286, 287, 289, 291, 294, 295, 298, 301, 302, 304, 307, 309, 310, 312, 313, 314, 315, 316, 317, 321, 353, 357, 358, 360], "excluded_lines": []}, "": {"executed_lines": [], "summary": {"covered_lines": 0, "num_statements": 22, "percent_covered": 0.0, "percent_covered_display": "0", "missing_lines": 22, "excluded_lines": 0}, "missing_lines": [6, 7, 8, 9, 11, 14, 15, 17, 18, 19, 20, 21, 22, 25, 31, 61, 107, 218, 319, 336, 364, 374], "excluded_lines": []}}}, "nlp\\sentiment_analyzer.py": {"executed_lines": [], "summary": {"covered_lines": 0, "num_statements": 92, "percent_covered": 0.0, "percent_covered_display": "0", "missing_lines": 92, "excluded_lines": 0}, "missing_lines": [8, 9, 10, 11, 12, 13, 14, 15, 16, 19, 20, 22, 23, 24, 25, 28, 37, 43, 49, 55, 72, 79, 80, 81, 83, 96, 97, 104, 107, 108, 109, 112, 118, 125, 126, 128, 129, 131, 137, 140, 143, 146, 149, 150, 152, 154, 160, 161, 162, 165, 166, 167, 170, 172, 173, 176, 177, 180, 182, 183, 184, 187, 190, 192, 207, 210, 211, 212, 213, 214, 215, 216, 219, 220, 223, 224, 225, 226, 229, 230, 233, 235, 245, 247, 257, 258, 259, 260, 262, 266, 277, 278], "excluded_lines": [], "functions": {"SentimentAnalyzer.__init__": {"executed_lines": [], "summary": {"covered_lines": 0, "num_statements": 3, "percent_covered": 0.0, "percent_covered_display": "0", "missing_lines": 3, "excluded_lines": 0}, "missing_lines": [79, 80, 81], "excluded_lines": []}, "SentimentAnalyzer.analyze": {"executed_lines": [], "summary": {"covered_lines": 0, "num_statements": 13, "percent_covered": 0.0, "percent_covered_display": "0", "missing_lines": 13, "excluded_lines": 0}, "missing_lines": [96, 97, 104, 107, 108, 109, 112, 118, 125, 126, 128, 129, 131], "excluded_lines": []}, "SentimentAnalyzer._normalize_text": {"executed_lines": [], "summary": {"covered_lines": 0, "num_statements": 6, "percent_covered": 0.0, "percent_covered_display": "0", "missing_lines": 6, "excluded_lines": 0}, "missing_lines": [140, 143, 146, 149, 150, 152], "excluded_lines": []}, "SentimentAnalyzer._adjust_for_colombian_context": {"executed_lines": [], "summary": {"covered_lines": 0, "num_statements": 17, "percent_covered": 0.0, "percent_covered_display": "0", "missing_lines": 17, "excluded_lines": 0}, "missing_lines": [160, 161, 162, 165, 166, 167, 170, 172, 173, 176, 177, 180, 182, 183, 184, 187, 190], "excluded_lines": []}, "SentimentAnalyzer._calculate_confidence": {"executed_lines": [], "summary": {"covered_lines": 0, "num_statements": 17, "percent_covered": 0.0, "percent_covered_display": "0", "missing_lines": 17, "excluded_lines": 0}, "missing_lines": [207, 210, 211, 212, 213, 214, 215, 216, 219, 220, 223, 224, 225, 226, 229, 230, 233], "excluded_lines": []}, "SentimentAnalyzer.analyze_batch": {"executed_lines": [], "summary": {"covered_lines": 0, "num_statements": 1, "percent_covered": 0.0, "percent_covered_display": "0", "missing_lines": 1, "excluded_lines": 0}, "missing_lines": [245], "excluded_lines": []}, "SentimentAnalyzer.get_sentiment_label": {"executed_lines": [], "summary": {"covered_lines": 0, "num_statements": 5, "percent_covered": 0.0, "percent_covered_display": "0", "missing_lines": 5, "excluded_lines": 0}, "missing_lines": [257, 258, 259, 260, 262], "excluded_lines": []}, "analyze_sentiment": {"executed_lines": [], "summary": {"covered_lines": 0, "num_statements": 2, "percent_covered": 0.0, "percent_covered_display": "0", "missing_lines": 2, "excluded_lines": 0}, "missing_lines": [277, 278], "excluded_lines": []}, "": {"executed_lines": [], "summary": {"covered_lines": 0, "num_statements": 28, "percent_covered": 0.0, "percent_covered_display": "0", "missing_lines": 28, "excluded_lines": 0}, "missing_lines": [8, 9, 10, 11, 12, 13, 14, 15, 16, 19, 20, 22, 23, 24, 25, 28, 37, 43, 49, 55, 72, 83, 137, 154, 192, 235, 247, 266], "excluded_lines": []}}, "classes": {"SentimentResult": {"executed_lines": [], "summary": {"covered_lines": 0, "num_statements": 0, "percent_covered": 100.0, "percent_covered_display": "100", "missing_lines": 0, "excluded_lines": 0}, "missing_lines": [], "excluded_lines": []}, "SentimentAnalyzer": {"executed_lines": [], "summary": {"covered_lines": 0, "num_statements": 62, "percent_covered": 0.0, "percent_covered_display": "0", "missing_lines": 62, "excluded_lines": 0}, "missing_lines": [79, 80, 81, 96, 97, 104, 107, 108, 109, 112, 118, 125, 126, 128, 129, 131, 140, 143, 146, 149, 150, 152, 160, 161, 162, 165, 166, 167, 170, 172, 173, 176, 177, 180, 182, 183, 184, 187, 190, 207, 210, 211, 212, 213, 214, 215, 216, 219, 220, 223, 224, 225, 226, 229, 230, 233, 245, 257, 258, 259, 260, 262], "excluded_lines": []}, "": {"executed_lines": [], "summary": {"covered_lines": 0, "num_statements": 30, "percent_covered": 0.0, "percent_covered_display": "0", "missing_lines": 30, "excluded_lines": 0}, "missing_lines": [8, 9, 10, 11, 12, 13, 14, 15, 16, 19, 20, 22, 23, 24, 25, 28, 37, 43, 49, 55, 72, 83, 137, 154, 192, 235, 247, 266, 277, 278], "excluded_lines": []}}}, "nlp\\topic_modeler.py": {"executed_lines": [], "summary": {"covered_lines": 0, "num_statements": 111, "percent_covered": 0.0, "percent_covered_display": "0", "missing_lines": 111, "excluded_lines": 0}, "missing_lines": [6, 7, 8, 9, 10, 11, 14, 23, 95, 113, 114, 115, 116, 117, 120, 129, 139, 140, 148, 149, 156, 158, 160, 161, 164, 167, 170, 172, 174, 176, 177, 179, 180, 182, 185, 187, 188, 189, 191, 192, 194, 196, 198, 199, 201, 202, 203, 204, 206, 207, 208, 210, 211, 213, 215, 217, 218, 220, 221, 222, 224, 225, 226, 227, 229, 230, 231, 233, 235, 236, 238, 239, 240, 243, 244, 245, 247, 248, 249, 250, 252, 253, 254, 256, 279, 280, 283, 284, 287, 290, 291, 294, 297, 298, 301, 302, 303, 306, 307, 308, 311, 315, 318, 319, 321, 323, 333, 334, 335, 337, 344], "excluded_lines": [], "functions": {"TopicModeler.__init__": {"executed_lines": [], "summary": {"covered_lines": 0, "num_statements": 12, "percent_covered": 0.0, "percent_covered_display": "0", "missing_lines": 12, "excluded_lines": 0}, "missing_lines": [113, 114, 115, 116, 117, 120, 129, 139, 140, 148, 149, 156], "excluded_lines": []}, "TopicModeler._normalize_text": {"executed_lines": [], "summary": {"covered_lines": 0, "num_statements": 6, "percent_covered": 0.0, "percent_covered_display": "0", "missing_lines": 6, "excluded_lines": 0}, "missing_lines": [160, 161, 164, 167, 170, 172], "excluded_lines": []}, "TopicModeler._calculate_keyword_scores": {"executed_lines": [], "summary": {"covered_lines": 0, "num_statements": 12, "percent_covered": 0.0, "percent_covered_display": "0", "missing_lines": 12, "excluded_lines": 0}, "missing_lines": [176, 177, 179, 180, 182, 185, 187, 188, 189, 191, 192, 194], "excluded_lines": []}, "TopicModeler._fit_models_if_needed": {"executed_lines": [], "summary": {"covered_lines": 0, "num_statements": 12, "percent_covered": 0.0, "percent_covered_display": "0", "missing_lines": 12, "excluded_lines": 0}, "missing_lines": [198, 199, 201, 202, 203, 204, 206, 207, 208, 210, 211, 213], "excluded_lines": []}, "TopicModeler._get_lda_topics": {"executed_lines": [], "summary": {"covered_lines": 0, "num_statements": 12, "percent_covered": 0.0, "percent_covered_display": "0", "missing_lines": 12, "excluded_lines": 0}, "missing_lines": [217, 218, 220, 221, 222, 224, 225, 226, 227, 229, 230, 231], "excluded_lines": []}, "TopicModeler._get_nmf_topics": {"executed_lines": [], "summary": {"covered_lines": 0, "num_statements": 15, "percent_covered": 0.0, "percent_covered_display": "0", "missing_lines": 15, "excluded_lines": 0}, "missing_lines": [235, 236, 238, 239, 240, 243, 244, 245, 247, 248, 249, 250, 252, 253, 254], "excluded_lines": []}, "TopicModeler.predict_topics": {"executed_lines": [], "summary": {"covered_lines": 0, "num_statements": 21, "percent_covered": 0.0, "percent_covered_display": "0", "missing_lines": 21, "excluded_lines": 0}, "missing_lines": [279, 280, 283, 284, 287, 290, 291, 294, 297, 298, 301, 302, 303, 306, 307, 308, 311, 315, 318, 319, 321], "excluded_lines": []}, "TopicModeler.get_topic_keywords": {"executed_lines": [], "summary": {"covered_lines": 0, "num_statements": 3, "percent_covered": 0.0, "percent_covered_display": "0", "missing_lines": 3, "excluded_lines": 0}, "missing_lines": [333, 334, 335], "excluded_lines": []}, "TopicModeler.get_all_topics": {"executed_lines": [], "summary": {"covered_lines": 0, "num_statements": 1, "percent_covered": 0.0, "percent_covered_display": "0", "missing_lines": 1, "excluded_lines": 0}, "missing_lines": [344], "excluded_lines": []}, "": {"executed_lines": [], "summary": {"covered_lines": 0, "num_statements": 17, "percent_covered": 0.0, "percent_covered_display": "0", "missing_lines": 17, "excluded_lines": 0}, "missing_lines": [6, 7, 8, 9, 10, 11, 14, 23, 95, 158, 174, 196, 215, 233, 256, 323, 337], "excluded_lines": []}}, "classes": {"TopicModeler": {"executed_lines": [], "summary": {"covered_lines": 0, "num_statements": 94, "percent_covered": 0.0, "percent_covered_display": "0", "missing_lines": 94, "excluded_lines": 0}, "missing_lines": [113, 114, 115, 116, 117, 120, 129, 139, 140, 148, 149, 156, 160, 161, 164, 167, 170, 172, 176, 177, 179, 180, 182, 185, 187, 188, 189, 191, 192, 194, 198, 199, 201, 202, 203, 204, 206, 207, 208, 210, 211, 213, 217, 218, 220, 221, 222, 224, 225, 226, 227, 229, 230, 231, 235, 236, 238, 239, 240, 243, 244, 245, 247, 248, 249, 250, 252, 253, 254, 279, 280, 283, 284, 287, 290, 291, 294, 297, 298, 301, 302, 303, 306, 307, 308, 311, 315, 318, 319, 321, 333, 334, 335, 344], "excluded_lines": []}, "": {"executed_lines": [], "summary": {"covered_lines": 0, "num_statements": 17, "percent_covered": 0.0, "percent_covered_display": "0", "missing_lines": 17, "excluded_lines": 0}, "missing_lines": [6, 7, 8, 9, 10, 11, 14, 23, 95, 158, 174, 196, 215, 233, 256, 323, 337], "excluded_lines": []}}}}, "totals": {"covered_lines": 586, "num_statements": 9170, "percent_covered": 6.390403489640131, "percent_covered_display": "6", "missing_lines": 8584, "excluded_lines": 1}}